2023-09-29 15:37:14		require(action.php) is deprecated. It was called from require() in /var/www/dokuwiki/lib/plugins/loadskin/action.php:15 Autoloading should be used instead!
2023-09-29 15:37:14		require(syntax.php) is deprecated. It was called from require() in /var/www/dokuwiki/lib/plugins/markdowku/syntax/headeratx.php:8 Autoloading should be used instead!
2023-09-29 15:37:14		require(action.php) is deprecated. It was called from require() in /var/www/dokuwiki/lib/plugins/loadskin/action.php:15 Autoloading should be used instead!
2023-09-29 15:37:14		require(action.php) is deprecated. It was called from require() in /var/www/dokuwiki/lib/plugins/loadskin/action.php:15 Autoloading should be used instead!
2023-09-29 15:37:15		require(action.php) is deprecated. It was called from require() in /var/www/dokuwiki/lib/plugins/loadskin/action.php:15 Autoloading should be used instead!
2023-09-29 15:37:15		require(action.php) is deprecated. It was called from require() in /var/www/dokuwiki/lib/plugins/loadskin/action.php:15 Autoloading should be used instead!
2023-09-29 15:37:18		require(action.php) is deprecated. It was called from require() in /var/www/dokuwiki/lib/plugins/loadskin/action.php:15 Autoloading should be used instead!
2023-09-29 15:37:20		require(action.php) is deprecated. It was called from require() in /var/www/dokuwiki/lib/plugins/loadskin/action.php:15 Autoloading should be used instead!
2023-09-29 15:37:20		tpl_action() is deprecated. It was called from include() in /var/www/dokuwiki/lib/tpl/adoradark/tpl_header.php:50 see devel:menus should be used instead!
2023-09-29 15:37:20		tpl_actionlink() is deprecated. It was called from tpl_action() in /var/www/dokuwiki/inc/template.php:643 see devel:menus should be used instead!
2023-09-29 15:37:20		tpl_get_action() is deprecated. It was called from tpl_actionlink() in /var/www/dokuwiki/inc/template.php:528 see devel:menus should be used instead!
2023-09-29 15:37:20		tpl_action() is deprecated. It was called from include() in /var/www/dokuwiki/lib/tpl/adoradark/tpl_header.php:51 see devel:menus should be used instead!
2023-09-29 15:37:20		tpl_actionlink() is deprecated. It was called from tpl_action() in /var/www/dokuwiki/inc/template.php:643 see devel:menus should be used instead!
2023-09-29 15:37:20		tpl_get_action() is deprecated. It was called from tpl_actionlink() in /var/www/dokuwiki/inc/template.php:528 see devel:menus should be used instead!
2023-09-29 15:37:20		tpl_action() is deprecated. It was called from include() in /var/www/dokuwiki/lib/tpl/adoradark/tpl_header.php:52 see devel:menus should be used instead!
2023-09-29 15:37:20		tpl_actionlink() is deprecated. It was called from tpl_action() in /var/www/dokuwiki/inc/template.php:643 see devel:menus should be used instead!
2023-09-29 15:37:20		tpl_get_action() is deprecated. It was called from tpl_actionlink() in /var/www/dokuwiki/inc/template.php:528 see devel:menus should be used instead!
2023-09-29 15:37:20		tpl_action() is deprecated. It was called from include() in /var/www/dokuwiki/lib/tpl/adoradark/tpl_header.php:53 see devel:menus should be used instead!
2023-09-29 15:37:20		tpl_actionlink() is deprecated. It was called from tpl_action() in /var/www/dokuwiki/inc/template.php:643 see devel:menus should be used instead!
2023-09-29 15:37:20		tpl_get_action() is deprecated. It was called from tpl_actionlink() in /var/www/dokuwiki/inc/template.php:528 see devel:menus should be used instead!
2023-09-29 15:37:20		tpl_toolsevent() is deprecated. It was called from include() in /var/www/dokuwiki/lib/tpl/adoradark/tpl_header.php:53 see devel:menus should be used instead!
2023-09-29 15:37:20		tpl_actiondropdown() is deprecated. It was called from include() in /var/www/dokuwiki/lib/tpl/adoradark/tpl_header.php:65 see devel:menus should be used instead!
2023-09-29 15:37:20		tpl_action() is deprecated. It was called from include() in /var/www/dokuwiki/lib/tpl/adoradark/tpl_header.php:70 see devel:menus should be used instead!
2023-09-29 15:37:20		tpl_actionlink() is deprecated. It was called from tpl_action() in /var/www/dokuwiki/inc/template.php:643 see devel:menus should be used instead!
2023-09-29 15:37:20		tpl_get_action() is deprecated. It was called from tpl_actionlink() in /var/www/dokuwiki/inc/template.php:528 see devel:menus should be used instead!
2023-09-29 15:37:20		tpl_action() is deprecated. It was called from include() in /var/www/dokuwiki/lib/tpl/adoradark/tpl_header.php:71 see devel:menus should be used instead!
2023-09-29 15:37:20		tpl_actionlink() is deprecated. It was called from tpl_action() in /var/www/dokuwiki/inc/template.php:643 see devel:menus should be used instead!
2023-09-29 15:37:20		tpl_get_action() is deprecated. It was called from tpl_actionlink() in /var/www/dokuwiki/inc/template.php:528 see devel:menus should be used instead!
2023-09-29 15:37:20		tpl_action() is deprecated. It was called from include() in /var/www/dokuwiki/lib/tpl/adoradark/tpl_header.php:72 see devel:menus should be used instead!
2023-09-29 15:37:20		tpl_actionlink() is deprecated. It was called from tpl_action() in /var/www/dokuwiki/inc/template.php:643 see devel:menus should be used instead!
2023-09-29 15:37:20		tpl_get_action() is deprecated. It was called from tpl_actionlink() in /var/www/dokuwiki/inc/template.php:528 see devel:menus should be used instead!
2023-09-29 15:37:20		tpl_toolsevent() is deprecated. It was called from include() in /var/www/dokuwiki/lib/tpl/adoradark/tpl_header.php:72 see devel:menus should be used instead!
2023-09-29 15:37:20		tpl_action() is deprecated. It was called from include() in /var/www/dokuwiki/lib/tpl/adoradark/main.php:80 see devel:menus should be used instead!
2023-09-29 15:37:20		tpl_actionlink() is deprecated. It was called from tpl_action() in /var/www/dokuwiki/inc/template.php:643 see devel:menus should be used instead!
2023-09-29 15:37:20		tpl_get_action() is deprecated. It was called from tpl_actionlink() in /var/www/dokuwiki/inc/template.php:528 see devel:menus should be used instead!
2023-09-29 15:37:20		tpl_action() is deprecated. It was called from include() in /var/www/dokuwiki/lib/tpl/adoradark/main.php:81 see devel:menus should be used instead!
2023-09-29 15:37:20		tpl_actionlink() is deprecated. It was called from tpl_action() in /var/www/dokuwiki/inc/template.php:643 see devel:menus should be used instead!
2023-09-29 15:37:20		tpl_get_action() is deprecated. It was called from tpl_actionlink() in /var/www/dokuwiki/inc/template.php:528 see devel:menus should be used instead!
2023-09-29 15:37:20		tpl_action() is deprecated. It was called from include() in /var/www/dokuwiki/lib/tpl/adoradark/main.php:82 see devel:menus should be used instead!
2023-09-29 15:37:20		tpl_actionlink() is deprecated. It was called from tpl_action() in /var/www/dokuwiki/inc/template.php:643 see devel:menus should be used instead!
2023-09-29 15:37:20		tpl_get_action() is deprecated. It was called from tpl_actionlink() in /var/www/dokuwiki/inc/template.php:528 see devel:menus should be used instead!
2023-09-29 15:37:20		tpl_action() is deprecated. It was called from include() in /var/www/dokuwiki/lib/tpl/adoradark/main.php:83 see devel:menus should be used instead!
2023-09-29 15:37:20		tpl_actionlink() is deprecated. It was called from tpl_action() in /var/www/dokuwiki/inc/template.php:643 see devel:menus should be used instead!
2023-09-29 15:37:20		tpl_get_action() is deprecated. It was called from tpl_actionlink() in /var/www/dokuwiki/inc/template.php:528 see devel:menus should be used instead!
2023-09-29 15:37:20		tpl_action() is deprecated. It was called from include() in /var/www/dokuwiki/lib/tpl/adoradark/main.php:84 see devel:menus should be used instead!
2023-09-29 15:37:20		tpl_actionlink() is deprecated. It was called from tpl_action() in /var/www/dokuwiki/inc/template.php:643 see devel:menus should be used instead!
2023-09-29 15:37:20		tpl_get_action() is deprecated. It was called from tpl_actionlink() in /var/www/dokuwiki/inc/template.php:528 see devel:menus should be used instead!
2023-09-29 15:37:20		tpl_action() is deprecated. It was called from include() in /var/www/dokuwiki/lib/tpl/adoradark/main.php:85 see devel:menus should be used instead!
2023-09-29 15:37:20		tpl_actionlink() is deprecated. It was called from tpl_action() in /var/www/dokuwiki/inc/template.php:643 see devel:menus should be used instead!
2023-09-29 15:37:20		tpl_get_action() is deprecated. It was called from tpl_actionlink() in /var/www/dokuwiki/inc/template.php:528 see devel:menus should be used instead!
2023-09-29 15:37:21		require(action.php) is deprecated. It was called from require() in /var/www/dokuwiki/lib/plugins/loadskin/action.php:15 Autoloading should be used instead!
2023-09-29 15:37:21		require(action.php) is deprecated. It was called from require() in /var/www/dokuwiki/lib/plugins/loadskin/action.php:15 Autoloading should be used instead!
2023-09-29 15:37:22		require(action.php) is deprecated. It was called from require() in /var/www/dokuwiki/lib/plugins/loadskin/action.php:15 Autoloading should be used instead!
2023-09-29 15:37:36		require(action.php) is deprecated. It was called from require() in /var/www/dokuwiki/lib/plugins/loadskin/action.php:15 Autoloading should be used instead!
2023-09-29 15:37:36		tpl_action() is deprecated. It was called from include() in /var/www/dokuwiki/lib/tpl/adoradark/tpl_header.php:50 see devel:menus should be used instead!
2023-09-29 15:37:36		tpl_actionlink() is deprecated. It was called from tpl_action() in /var/www/dokuwiki/inc/template.php:643 see devel:menus should be used instead!
2023-09-29 15:37:36		tpl_get_action() is deprecated. It was called from tpl_actionlink() in /var/www/dokuwiki/inc/template.php:528 see devel:menus should be used instead!
2023-09-29 15:37:36		tpl_action() is deprecated. It was called from include() in /var/www/dokuwiki/lib/tpl/adoradark/tpl_header.php:51 see devel:menus should be used instead!
2023-09-29 15:37:36		tpl_actionlink() is deprecated. It was called from tpl_action() in /var/www/dokuwiki/inc/template.php:643 see devel:menus should be used instead!
2023-09-29 15:37:36		tpl_get_action() is deprecated. It was called from tpl_actionlink() in /var/www/dokuwiki/inc/template.php:528 see devel:menus should be used instead!
2023-09-29 15:37:36		tpl_action() is deprecated. It was called from include() in /var/www/dokuwiki/lib/tpl/adoradark/tpl_header.php:52 see devel:menus should be used instead!
2023-09-29 15:37:36		tpl_actionlink() is deprecated. It was called from tpl_action() in /var/www/dokuwiki/inc/template.php:643 see devel:menus should be used instead!
2023-09-29 15:37:36		tpl_get_action() is deprecated. It was called from tpl_actionlink() in /var/www/dokuwiki/inc/template.php:528 see devel:menus should be used instead!
2023-09-29 15:37:36		tpl_action() is deprecated. It was called from include() in /var/www/dokuwiki/lib/tpl/adoradark/tpl_header.php:53 see devel:menus should be used instead!
2023-09-29 15:37:36		tpl_actionlink() is deprecated. It was called from tpl_action() in /var/www/dokuwiki/inc/template.php:643 see devel:menus should be used instead!
2023-09-29 15:37:36		tpl_get_action() is deprecated. It was called from tpl_actionlink() in /var/www/dokuwiki/inc/template.php:528 see devel:menus should be used instead!
2023-09-29 15:37:36		tpl_toolsevent() is deprecated. It was called from include() in /var/www/dokuwiki/lib/tpl/adoradark/tpl_header.php:53 see devel:menus should be used instead!
2023-09-29 15:37:36		tpl_actiondropdown() is deprecated. It was called from include() in /var/www/dokuwiki/lib/tpl/adoradark/tpl_header.php:65 see devel:menus should be used instead!
2023-09-29 15:37:36		tpl_action() is deprecated. It was called from include() in /var/www/dokuwiki/lib/tpl/adoradark/tpl_header.php:70 see devel:menus should be used instead!
2023-09-29 15:37:36		tpl_actionlink() is deprecated. It was called from tpl_action() in /var/www/dokuwiki/inc/template.php:643 see devel:menus should be used instead!
2023-09-29 15:37:36		tpl_get_action() is deprecated. It was called from tpl_actionlink() in /var/www/dokuwiki/inc/template.php:528 see devel:menus should be used instead!
2023-09-29 15:37:36		tpl_action() is deprecated. It was called from include() in /var/www/dokuwiki/lib/tpl/adoradark/tpl_header.php:71 see devel:menus should be used instead!
2023-09-29 15:37:36		tpl_actionlink() is deprecated. It was called from tpl_action() in /var/www/dokuwiki/inc/template.php:643 see devel:menus should be used instead!
2023-09-29 15:37:36		tpl_get_action() is deprecated. It was called from tpl_actionlink() in /var/www/dokuwiki/inc/template.php:528 see devel:menus should be used instead!
2023-09-29 15:37:36		tpl_action() is deprecated. It was called from include() in /var/www/dokuwiki/lib/tpl/adoradark/tpl_header.php:72 see devel:menus should be used instead!
2023-09-29 15:37:36		tpl_actionlink() is deprecated. It was called from tpl_action() in /var/www/dokuwiki/inc/template.php:643 see devel:menus should be used instead!
2023-09-29 15:37:36		tpl_get_action() is deprecated. It was called from tpl_actionlink() in /var/www/dokuwiki/inc/template.php:528 see devel:menus should be used instead!
2023-09-29 15:37:36		tpl_toolsevent() is deprecated. It was called from include() in /var/www/dokuwiki/lib/tpl/adoradark/tpl_header.php:72 see devel:menus should be used instead!
2023-09-29 15:37:36		tpl_action() is deprecated. It was called from include() in /var/www/dokuwiki/lib/tpl/adoradark/main.php:80 see devel:menus should be used instead!
2023-09-29 15:37:36		tpl_actionlink() is deprecated. It was called from tpl_action() in /var/www/dokuwiki/inc/template.php:643 see devel:menus should be used instead!
2023-09-29 15:37:36		tpl_get_action() is deprecated. It was called from tpl_actionlink() in /var/www/dokuwiki/inc/template.php:528 see devel:menus should be used instead!
2023-09-29 15:37:36		tpl_action() is deprecated. It was called from include() in /var/www/dokuwiki/lib/tpl/adoradark/main.php:81 see devel:menus should be used instead!
2023-09-29 15:37:36		tpl_actionlink() is deprecated. It was called from tpl_action() in /var/www/dokuwiki/inc/template.php:643 see devel:menus should be used instead!
2023-09-29 15:37:36		tpl_get_action() is deprecated. It was called from tpl_actionlink() in /var/www/dokuwiki/inc/template.php:528 see devel:menus should be used instead!
2023-09-29 15:37:36		tpl_action() is deprecated. It was called from include() in /var/www/dokuwiki/lib/tpl/adoradark/main.php:82 see devel:menus should be used instead!
2023-09-29 15:37:36		tpl_actionlink() is deprecated. It was called from tpl_action() in /var/www/dokuwiki/inc/template.php:643 see devel:menus should be used instead!
2023-09-29 15:37:36		tpl_get_action() is deprecated. It was called from tpl_actionlink() in /var/www/dokuwiki/inc/template.php:528 see devel:menus should be used instead!
2023-09-29 15:37:36		tpl_action() is deprecated. It was called from include() in /var/www/dokuwiki/lib/tpl/adoradark/main.php:83 see devel:menus should be used instead!
2023-09-29 15:37:36		tpl_actionlink() is deprecated. It was called from tpl_action() in /var/www/dokuwiki/inc/template.php:643 see devel:menus should be used instead!
2023-09-29 15:37:36		tpl_get_action() is deprecated. It was called from tpl_actionlink() in /var/www/dokuwiki/inc/template.php:528 see devel:menus should be used instead!
2023-09-29 15:37:36		tpl_action() is deprecated. It was called from include() in /var/www/dokuwiki/lib/tpl/adoradark/main.php:84 see devel:menus should be used instead!
2023-09-29 15:37:36		tpl_actionlink() is deprecated. It was called from tpl_action() in /var/www/dokuwiki/inc/template.php:643 see devel:menus should be used instead!
2023-09-29 15:37:36		tpl_get_action() is deprecated. It was called from tpl_actionlink() in /var/www/dokuwiki/inc/template.php:528 see devel:menus should be used instead!
2023-09-29 15:37:36		tpl_action() is deprecated. It was called from include() in /var/www/dokuwiki/lib/tpl/adoradark/main.php:85 see devel:menus should be used instead!
2023-09-29 15:37:36		tpl_actionlink() is deprecated. It was called from tpl_action() in /var/www/dokuwiki/inc/template.php:643 see devel:menus should be used instead!
2023-09-29 15:37:36		tpl_get_action() is deprecated. It was called from tpl_actionlink() in /var/www/dokuwiki/inc/template.php:528 see devel:menus should be used instead!
2023-09-29 15:37:37		require(action.php) is deprecated. It was called from require() in /var/www/dokuwiki/lib/plugins/loadskin/action.php:15 Autoloading should be used instead!
2023-09-29 15:37:37		require(action.php) is deprecated. It was called from require() in /var/www/dokuwiki/lib/plugins/loadskin/action.php:15 Autoloading should be used instead!
2023-09-29 15:37:37		require(action.php) is deprecated. It was called from require() in /var/www/dokuwiki/lib/plugins/loadskin/action.php:15 Autoloading should be used instead!
2023-09-29 15:37:38		require(action.php) is deprecated. It was called from require() in /var/www/dokuwiki/lib/plugins/loadskin/action.php:15 Autoloading should be used instead!
2023-09-29 15:37:42		require(action.php) is deprecated. It was called from require() in /var/www/dokuwiki/lib/plugins/loadskin/action.php:15 Autoloading should be used instead!
2023-09-29 15:37:42		require(syntax.php) is deprecated. It was called from require() in /var/www/dokuwiki/lib/plugins/markdowku/syntax/headeratx.php:8 Autoloading should be used instead!
2023-09-29 15:37:42		tpl_action() is deprecated. It was called from include() in /var/www/dokuwiki/lib/tpl/adoradark/tpl_header.php:50 see devel:menus should be used instead!
2023-09-29 15:37:42		tpl_actionlink() is deprecated. It was called from tpl_action() in /var/www/dokuwiki/inc/template.php:643 see devel:menus should be used instead!
2023-09-29 15:37:42		tpl_get_action() is deprecated. It was called from tpl_actionlink() in /var/www/dokuwiki/inc/template.php:528 see devel:menus should be used instead!
2023-09-29 15:37:42		tpl_action() is deprecated. It was called from include() in /var/www/dokuwiki/lib/tpl/adoradark/tpl_header.php:51 see devel:menus should be used instead!
2023-09-29 15:37:42		tpl_actionlink() is deprecated. It was called from tpl_action() in /var/www/dokuwiki/inc/template.php:643 see devel:menus should be used instead!
2023-09-29 15:37:42		tpl_get_action() is deprecated. It was called from tpl_actionlink() in /var/www/dokuwiki/inc/template.php:528 see devel:menus should be used instead!
2023-09-29 15:37:42		tpl_action() is deprecated. It was called from include() in /var/www/dokuwiki/lib/tpl/adoradark/tpl_header.php:52 see devel:menus should be used instead!
2023-09-29 15:37:42		tpl_actionlink() is deprecated. It was called from tpl_action() in /var/www/dokuwiki/inc/template.php:643 see devel:menus should be used instead!
2023-09-29 15:37:42		tpl_get_action() is deprecated. It was called from tpl_actionlink() in /var/www/dokuwiki/inc/template.php:528 see devel:menus should be used instead!
2023-09-29 15:37:42		tpl_action() is deprecated. It was called from include() in /var/www/dokuwiki/lib/tpl/adoradark/tpl_header.php:53 see devel:menus should be used instead!
2023-09-29 15:37:42		tpl_actionlink() is deprecated. It was called from tpl_action() in /var/www/dokuwiki/inc/template.php:643 see devel:menus should be used instead!
2023-09-29 15:37:42		tpl_get_action() is deprecated. It was called from tpl_actionlink() in /var/www/dokuwiki/inc/template.php:528 see devel:menus should be used instead!
2023-09-29 15:37:42		tpl_toolsevent() is deprecated. It was called from include() in /var/www/dokuwiki/lib/tpl/adoradark/tpl_header.php:53 see devel:menus should be used instead!
2023-09-29 15:37:42		tpl_actiondropdown() is deprecated. It was called from include() in /var/www/dokuwiki/lib/tpl/adoradark/tpl_header.php:65 see devel:menus should be used instead!
2023-09-29 15:37:42		tpl_action() is deprecated. It was called from include() in /var/www/dokuwiki/lib/tpl/adoradark/tpl_header.php:70 see devel:menus should be used instead!
2023-09-29 15:37:42		tpl_actionlink() is deprecated. It was called from tpl_action() in /var/www/dokuwiki/inc/template.php:643 see devel:menus should be used instead!
2023-09-29 15:37:42		tpl_get_action() is deprecated. It was called from tpl_actionlink() in /var/www/dokuwiki/inc/template.php:528 see devel:menus should be used instead!
2023-09-29 15:37:42		tpl_action() is deprecated. It was called from include() in /var/www/dokuwiki/lib/tpl/adoradark/tpl_header.php:71 see devel:menus should be used instead!
2023-09-29 15:37:42		tpl_actionlink() is deprecated. It was called from tpl_action() in /var/www/dokuwiki/inc/template.php:643 see devel:menus should be used instead!
2023-09-29 15:37:42		tpl_get_action() is deprecated. It was called from tpl_actionlink() in /var/www/dokuwiki/inc/template.php:528 see devel:menus should be used instead!
2023-09-29 15:37:42		tpl_action() is deprecated. It was called from include() in /var/www/dokuwiki/lib/tpl/adoradark/tpl_header.php:72 see devel:menus should be used instead!
2023-09-29 15:37:42		tpl_actionlink() is deprecated. It was called from tpl_action() in /var/www/dokuwiki/inc/template.php:643 see devel:menus should be used instead!
2023-09-29 15:37:42		tpl_get_action() is deprecated. It was called from tpl_actionlink() in /var/www/dokuwiki/inc/template.php:528 see devel:menus should be used instead!
2023-09-29 15:37:42		tpl_toolsevent() is deprecated. It was called from include() in /var/www/dokuwiki/lib/tpl/adoradark/tpl_header.php:72 see devel:menus should be used instead!
2023-09-29 15:37:42		tpl_action() is deprecated. It was called from include() in /var/www/dokuwiki/lib/tpl/adoradark/main.php:80 see devel:menus should be used instead!
2023-09-29 15:37:42		tpl_actionlink() is deprecated. It was called from tpl_action() in /var/www/dokuwiki/inc/template.php:643 see devel:menus should be used instead!
2023-09-29 15:37:42		tpl_get_action() is deprecated. It was called from tpl_actionlink() in /var/www/dokuwiki/inc/template.php:528 see devel:menus should be used instead!
2023-09-29 15:37:42		tpl_action() is deprecated. It was called from include() in /var/www/dokuwiki/lib/tpl/adoradark/main.php:81 see devel:menus should be used instead!
2023-09-29 15:37:42		tpl_actionlink() is deprecated. It was called from tpl_action() in /var/www/dokuwiki/inc/template.php:643 see devel:menus should be used instead!
2023-09-29 15:37:42		tpl_get_action() is deprecated. It was called from tpl_actionlink() in /var/www/dokuwiki/inc/template.php:528 see devel:menus should be used instead!
2023-09-29 15:37:42		tpl_action() is deprecated. It was called from include() in /var/www/dokuwiki/lib/tpl/adoradark/main.php:82 see devel:menus should be used instead!
2023-09-29 15:37:42		tpl_actionlink() is deprecated. It was called from tpl_action() in /var/www/dokuwiki/inc/template.php:643 see devel:menus should be used instead!
2023-09-29 15:37:42		tpl_get_action() is deprecated. It was called from tpl_actionlink() in /var/www/dokuwiki/inc/template.php:528 see devel:menus should be used instead!
2023-09-29 15:37:42		tpl_action() is deprecated. It was called from include() in /var/www/dokuwiki/lib/tpl/adoradark/main.php:83 see devel:menus should be used instead!
2023-09-29 15:37:42		tpl_actionlink() is deprecated. It was called from tpl_action() in /var/www/dokuwiki/inc/template.php:643 see devel:menus should be used instead!
2023-09-29 15:37:42		tpl_get_action() is deprecated. It was called from tpl_actionlink() in /var/www/dokuwiki/inc/template.php:528 see devel:menus should be used instead!
2023-09-29 15:37:42		tpl_action() is deprecated. It was called from include() in /var/www/dokuwiki/lib/tpl/adoradark/main.php:84 see devel:menus should be used instead!
2023-09-29 15:37:42		tpl_actionlink() is deprecated. It was called from tpl_action() in /var/www/dokuwiki/inc/template.php:643 see devel:menus should be used instead!
2023-09-29 15:37:42		tpl_get_action() is deprecated. It was called from tpl_actionlink() in /var/www/dokuwiki/inc/template.php:528 see devel:menus should be used instead!
2023-09-29 15:37:42		tpl_action() is deprecated. It was called from include() in /var/www/dokuwiki/lib/tpl/adoradark/main.php:85 see devel:menus should be used instead!
2023-09-29 15:37:42		tpl_actionlink() is deprecated. It was called from tpl_action() in /var/www/dokuwiki/inc/template.php:643 see devel:menus should be used instead!
2023-09-29 15:37:42		tpl_get_action() is deprecated. It was called from tpl_actionlink() in /var/www/dokuwiki/inc/template.php:528 see devel:menus should be used instead!
2023-09-29 15:37:42		require(action.php) is deprecated. It was called from require() in /var/www/dokuwiki/lib/plugins/loadskin/action.php:15 Autoloading should be used instead!
2023-09-29 15:37:44		require(action.php) is deprecated. It was called from require() in /var/www/dokuwiki/lib/plugins/loadskin/action.php:15 Autoloading should be used instead!
2023-09-29 15:37:44		require(syntax.php) is deprecated. It was called from require() in /var/www/dokuwiki/lib/plugins/markdowku/syntax/headeratx.php:8 Autoloading should be used instead!
2023-09-29 15:37:44		tpl_action() is deprecated. It was called from include() in /var/www/dokuwiki/lib/tpl/adoradark/tpl_header.php:50 see devel:menus should be used instead!
2023-09-29 15:37:44		tpl_actionlink() is deprecated. It was called from tpl_action() in /var/www/dokuwiki/inc/template.php:643 see devel:menus should be used instead!
2023-09-29 15:37:44		tpl_get_action() is deprecated. It was called from tpl_actionlink() in /var/www/dokuwiki/inc/template.php:528 see devel:menus should be used instead!
2023-09-29 15:37:44		tpl_action() is deprecated. It was called from include() in /var/www/dokuwiki/lib/tpl/adoradark/tpl_header.php:51 see devel:menus should be used instead!
2023-09-29 15:37:44		tpl_actionlink() is deprecated. It was called from tpl_action() in /var/www/dokuwiki/inc/template.php:643 see devel:menus should be used instead!
2023-09-29 15:37:44		tpl_get_action() is deprecated. It was called from tpl_actionlink() in /var/www/dokuwiki/inc/template.php:528 see devel:menus should be used instead!
2023-09-29 15:37:44		tpl_action() is deprecated. It was called from include() in /var/www/dokuwiki/lib/tpl/adoradark/tpl_header.php:52 see devel:menus should be used instead!
2023-09-29 15:37:44		tpl_actionlink() is deprecated. It was called from tpl_action() in /var/www/dokuwiki/inc/template.php:643 see devel:menus should be used instead!
2023-09-29 15:37:44		tpl_get_action() is deprecated. It was called from tpl_actionlink() in /var/www/dokuwiki/inc/template.php:528 see devel:menus should be used instead!
2023-09-29 15:37:44		tpl_action() is deprecated. It was called from include() in /var/www/dokuwiki/lib/tpl/adoradark/tpl_header.php:53 see devel:menus should be used instead!
2023-09-29 15:37:44		tpl_actionlink() is deprecated. It was called from tpl_action() in /var/www/dokuwiki/inc/template.php:643 see devel:menus should be used instead!
2023-09-29 15:37:44		tpl_get_action() is deprecated. It was called from tpl_actionlink() in /var/www/dokuwiki/inc/template.php:528 see devel:menus should be used instead!
2023-09-29 15:37:44		tpl_toolsevent() is deprecated. It was called from include() in /var/www/dokuwiki/lib/tpl/adoradark/tpl_header.php:53 see devel:menus should be used instead!
2023-09-29 15:37:44		tpl_actiondropdown() is deprecated. It was called from include() in /var/www/dokuwiki/lib/tpl/adoradark/tpl_header.php:65 see devel:menus should be used instead!
2023-09-29 15:37:44		tpl_action() is deprecated. It was called from include() in /var/www/dokuwiki/lib/tpl/adoradark/tpl_header.php:70 see devel:menus should be used instead!
2023-09-29 15:37:44		tpl_actionlink() is deprecated. It was called from tpl_action() in /var/www/dokuwiki/inc/template.php:643 see devel:menus should be used instead!
2023-09-29 15:37:44		tpl_get_action() is deprecated. It was called from tpl_actionlink() in /var/www/dokuwiki/inc/template.php:528 see devel:menus should be used instead!
2023-09-29 15:37:44		tpl_action() is deprecated. It was called from include() in /var/www/dokuwiki/lib/tpl/adoradark/tpl_header.php:71 see devel:menus should be used instead!
2023-09-29 15:37:44		tpl_actionlink() is deprecated. It was called from tpl_action() in /var/www/dokuwiki/inc/template.php:643 see devel:menus should be used instead!
2023-09-29 15:37:44		tpl_get_action() is deprecated. It was called from tpl_actionlink() in /var/www/dokuwiki/inc/template.php:528 see devel:menus should be used instead!
2023-09-29 15:37:44		tpl_action() is deprecated. It was called from include() in /var/www/dokuwiki/lib/tpl/adoradark/tpl_header.php:72 see devel:menus should be used instead!
2023-09-29 15:37:44		tpl_actionlink() is deprecated. It was called from tpl_action() in /var/www/dokuwiki/inc/template.php:643 see devel:menus should be used instead!
2023-09-29 15:37:44		tpl_get_action() is deprecated. It was called from tpl_actionlink() in /var/www/dokuwiki/inc/template.php:528 see devel:menus should be used instead!
2023-09-29 15:37:44		tpl_toolsevent() is deprecated. It was called from include() in /var/www/dokuwiki/lib/tpl/adoradark/tpl_header.php:72 see devel:menus should be used instead!
2023-09-29 15:37:44		tpl_action() is deprecated. It was called from include() in /var/www/dokuwiki/lib/tpl/adoradark/main.php:80 see devel:menus should be used instead!
2023-09-29 15:37:44		tpl_actionlink() is deprecated. It was called from tpl_action() in /var/www/dokuwiki/inc/template.php:643 see devel:menus should be used instead!
2023-09-29 15:37:44		tpl_get_action() is deprecated. It was called from tpl_actionlink() in /var/www/dokuwiki/inc/template.php:528 see devel:menus should be used instead!
2023-09-29 15:37:44		tpl_action() is deprecated. It was called from include() in /var/www/dokuwiki/lib/tpl/adoradark/main.php:81 see devel:menus should be used instead!
2023-09-29 15:37:44		tpl_actionlink() is deprecated. It was called from tpl_action() in /var/www/dokuwiki/inc/template.php:643 see devel:menus should be used instead!
2023-09-29 15:37:44		tpl_get_action() is deprecated. It was called from tpl_actionlink() in /var/www/dokuwiki/inc/template.php:528 see devel:menus should be used instead!
2023-09-29 15:37:44		tpl_action() is deprecated. It was called from include() in /var/www/dokuwiki/lib/tpl/adoradark/main.php:82 see devel:menus should be used instead!
2023-09-29 15:37:44		tpl_actionlink() is deprecated. It was called from tpl_action() in /var/www/dokuwiki/inc/template.php:643 see devel:menus should be used instead!
2023-09-29 15:37:44		tpl_get_action() is deprecated. It was called from tpl_actionlink() in /var/www/dokuwiki/inc/template.php:528 see devel:menus should be used instead!
2023-09-29 15:37:44		tpl_action() is deprecated. It was called from include() in /var/www/dokuwiki/lib/tpl/adoradark/main.php:83 see devel:menus should be used instead!
2023-09-29 15:37:44		tpl_actionlink() is deprecated. It was called from tpl_action() in /var/www/dokuwiki/inc/template.php:643 see devel:menus should be used instead!
2023-09-29 15:37:44		tpl_get_action() is deprecated. It was called from tpl_actionlink() in /var/www/dokuwiki/inc/template.php:528 see devel:menus should be used instead!
2023-09-29 15:37:44		tpl_action() is deprecated. It was called from include() in /var/www/dokuwiki/lib/tpl/adoradark/main.php:84 see devel:menus should be used instead!
2023-09-29 15:37:44		tpl_actionlink() is deprecated. It was called from tpl_action() in /var/www/dokuwiki/inc/template.php:643 see devel:menus should be used instead!
2023-09-29 15:37:44		tpl_get_action() is deprecated. It was called from tpl_actionlink() in /var/www/dokuwiki/inc/template.php:528 see devel:menus should be used instead!
2023-09-29 15:37:44		tpl_action() is deprecated. It was called from include() in /var/www/dokuwiki/lib/tpl/adoradark/main.php:85 see devel:menus should be used instead!
2023-09-29 15:37:44		tpl_actionlink() is deprecated. It was called from tpl_action() in /var/www/dokuwiki/inc/template.php:643 see devel:menus should be used instead!
2023-09-29 15:37:44		tpl_get_action() is deprecated. It was called from tpl_actionlink() in /var/www/dokuwiki/inc/template.php:528 see devel:menus should be used instead!
2023-09-29 15:37:45		require(action.php) is deprecated. It was called from require() in /var/www/dokuwiki/lib/plugins/loadskin/action.php:15 Autoloading should be used instead!
2023-09-29 15:40:27		require(action.php) is deprecated. It was called from require() in /var/www/dokuwiki/lib/plugins/loadskin/action.php:15 Autoloading should be used instead!
2023-09-29 15:40:28		require(action.php) is deprecated. It was called from require() in /var/www/dokuwiki/lib/plugins/loadskin/action.php:15 Autoloading should be used instead!
2023-09-29 15:40:28		require(action.php) is deprecated. It was called from require() in /var/www/dokuwiki/lib/plugins/loadskin/action.php:15 Autoloading should be used instead!
2023-09-29 15:40:28		require(action.php) is deprecated. It was called from require() in /var/www/dokuwiki/lib/plugins/loadskin/action.php:15 Autoloading should be used instead!
2023-09-29 15:40:33		require(action.php) is deprecated. It was called from require() in /var/www/dokuwiki/lib/plugins/loadskin/action.php:15 Autoloading should be used instead!
2023-09-29 15:40:33		tpl_action() is deprecated. It was called from include() in /var/www/dokuwiki/lib/tpl/adoradark/tpl_header.php:50 see devel:menus should be used instead!
2023-09-29 15:40:33		tpl_actionlink() is deprecated. It was called from tpl_action() in /var/www/dokuwiki/inc/template.php:643 see devel:menus should be used instead!
2023-09-29 15:40:33		tpl_get_action() is deprecated. It was called from tpl_actionlink() in /var/www/dokuwiki/inc/template.php:528 see devel:menus should be used instead!
2023-09-29 15:40:33		tpl_action() is deprecated. It was called from include() in /var/www/dokuwiki/lib/tpl/adoradark/tpl_header.php:51 see devel:menus should be used instead!
2023-09-29 15:40:33		tpl_actionlink() is deprecated. It was called from tpl_action() in /var/www/dokuwiki/inc/template.php:643 see devel:menus should be used instead!
2023-09-29 15:40:33		tpl_get_action() is deprecated. It was called from tpl_actionlink() in /var/www/dokuwiki/inc/template.php:528 see devel:menus should be used instead!
2023-09-29 15:40:33		tpl_action() is deprecated. It was called from include() in /var/www/dokuwiki/lib/tpl/adoradark/tpl_header.php:52 see devel:menus should be used instead!
2023-09-29 15:40:33		tpl_actionlink() is deprecated. It was called from tpl_action() in /var/www/dokuwiki/inc/template.php:643 see devel:menus should be used instead!
2023-09-29 15:40:33		tpl_get_action() is deprecated. It was called from tpl_actionlink() in /var/www/dokuwiki/inc/template.php:528 see devel:menus should be used instead!
2023-09-29 15:40:33		tpl_action() is deprecated. It was called from include() in /var/www/dokuwiki/lib/tpl/adoradark/tpl_header.php:53 see devel:menus should be used instead!
2023-09-29 15:40:33		tpl_actionlink() is deprecated. It was called from tpl_action() in /var/www/dokuwiki/inc/template.php:643 see devel:menus should be used instead!
2023-09-29 15:40:33		tpl_get_action() is deprecated. It was called from tpl_actionlink() in /var/www/dokuwiki/inc/template.php:528 see devel:menus should be used instead!
2023-09-29 15:40:33		tpl_toolsevent() is deprecated. It was called from include() in /var/www/dokuwiki/lib/tpl/adoradark/tpl_header.php:53 see devel:menus should be used instead!
2023-09-29 15:40:33		tpl_actiondropdown() is deprecated. It was called from include() in /var/www/dokuwiki/lib/tpl/adoradark/tpl_header.php:65 see devel:menus should be used instead!
2023-09-29 15:40:33		tpl_action() is deprecated. It was called from include() in /var/www/dokuwiki/lib/tpl/adoradark/tpl_header.php:70 see devel:menus should be used instead!
2023-09-29 15:40:33		tpl_actionlink() is deprecated. It was called from tpl_action() in /var/www/dokuwiki/inc/template.php:643 see devel:menus should be used instead!
2023-09-29 15:40:33		tpl_get_action() is deprecated. It was called from tpl_actionlink() in /var/www/dokuwiki/inc/template.php:528 see devel:menus should be used instead!
2023-09-29 15:40:33		tpl_action() is deprecated. It was called from include() in /var/www/dokuwiki/lib/tpl/adoradark/tpl_header.php:71 see devel:menus should be used instead!
2023-09-29 15:40:33		tpl_actionlink() is deprecated. It was called from tpl_action() in /var/www/dokuwiki/inc/template.php:643 see devel:menus should be used instead!
2023-09-29 15:40:33		tpl_get_action() is deprecated. It was called from tpl_actionlink() in /var/www/dokuwiki/inc/template.php:528 see devel:menus should be used instead!
2023-09-29 15:40:33		tpl_action() is deprecated. It was called from include() in /var/www/dokuwiki/lib/tpl/adoradark/tpl_header.php:72 see devel:menus should be used instead!
2023-09-29 15:40:33		tpl_actionlink() is deprecated. It was called from tpl_action() in /var/www/dokuwiki/inc/template.php:643 see devel:menus should be used instead!
2023-09-29 15:40:33		tpl_get_action() is deprecated. It was called from tpl_actionlink() in /var/www/dokuwiki/inc/template.php:528 see devel:menus should be used instead!
2023-09-29 15:40:33		tpl_toolsevent() is deprecated. It was called from include() in /var/www/dokuwiki/lib/tpl/adoradark/tpl_header.php:72 see devel:menus should be used instead!
2023-09-29 15:40:33		tpl_action() is deprecated. It was called from include() in /var/www/dokuwiki/lib/tpl/adoradark/main.php:80 see devel:menus should be used instead!
2023-09-29 15:40:33		tpl_actionlink() is deprecated. It was called from tpl_action() in /var/www/dokuwiki/inc/template.php:643 see devel:menus should be used instead!
2023-09-29 15:40:33		tpl_get_action() is deprecated. It was called from tpl_actionlink() in /var/www/dokuwiki/inc/template.php:528 see devel:menus should be used instead!
2023-09-29 15:40:33		tpl_action() is deprecated. It was called from include() in /var/www/dokuwiki/lib/tpl/adoradark/main.php:81 see devel:menus should be used instead!
2023-09-29 15:40:33		tpl_actionlink() is deprecated. It was called from tpl_action() in /var/www/dokuwiki/inc/template.php:643 see devel:menus should be used instead!
2023-09-29 15:40:33		tpl_get_action() is deprecated. It was called from tpl_actionlink() in /var/www/dokuwiki/inc/template.php:528 see devel:menus should be used instead!
2023-09-29 15:40:33		tpl_action() is deprecated. It was called from include() in /var/www/dokuwiki/lib/tpl/adoradark/main.php:82 see devel:menus should be used instead!
2023-09-29 15:40:33		tpl_actionlink() is deprecated. It was called from tpl_action() in /var/www/dokuwiki/inc/template.php:643 see devel:menus should be used instead!
2023-09-29 15:40:33		tpl_get_action() is deprecated. It was called from tpl_actionlink() in /var/www/dokuwiki/inc/template.php:528 see devel:menus should be used instead!
2023-09-29 15:40:33		tpl_action() is deprecated. It was called from include() in /var/www/dokuwiki/lib/tpl/adoradark/main.php:83 see devel:menus should be used instead!
2023-09-29 15:40:33		tpl_actionlink() is deprecated. It was called from tpl_action() in /var/www/dokuwiki/inc/template.php:643 see devel:menus should be used instead!
2023-09-29 15:40:33		tpl_get_action() is deprecated. It was called from tpl_actionlink() in /var/www/dokuwiki/inc/template.php:528 see devel:menus should be used instead!
2023-09-29 15:40:33		tpl_action() is deprecated. It was called from include() in /var/www/dokuwiki/lib/tpl/adoradark/main.php:84 see devel:menus should be used instead!
2023-09-29 15:40:33		tpl_actionlink() is deprecated. It was called from tpl_action() in /var/www/dokuwiki/inc/template.php:643 see devel:menus should be used instead!
2023-09-29 15:40:33		tpl_get_action() is deprecated. It was called from tpl_actionlink() in /var/www/dokuwiki/inc/template.php:528 see devel:menus should be used instead!
2023-09-29 15:40:33		tpl_action() is deprecated. It was called from include() in /var/www/dokuwiki/lib/tpl/adoradark/main.php:85 see devel:menus should be used instead!
2023-09-29 15:40:33		tpl_actionlink() is deprecated. It was called from tpl_action() in /var/www/dokuwiki/inc/template.php:643 see devel:menus should be used instead!
2023-09-29 15:40:33		tpl_get_action() is deprecated. It was called from tpl_actionlink() in /var/www/dokuwiki/inc/template.php:528 see devel:menus should be used instead!
2023-09-29 15:40:34		require(action.php) is deprecated. It was called from require() in /var/www/dokuwiki/lib/plugins/loadskin/action.php:15 Autoloading should be used instead!
2023-09-29 15:40:48		require(action.php) is deprecated. It was called from require() in /var/www/dokuwiki/lib/plugins/loadskin/action.php:15 Autoloading should be used instead!
2023-09-29 15:40:49		require(action.php) is deprecated. It was called from require() in /var/www/dokuwiki/lib/plugins/loadskin/action.php:15 Autoloading should be used instead!
2023-09-29 15:40:49		tpl_action() is deprecated. It was called from include() in /var/www/dokuwiki/lib/tpl/adoradark/tpl_header.php:50 see devel:menus should be used instead!
2023-09-29 15:40:49		tpl_actionlink() is deprecated. It was called from tpl_action() in /var/www/dokuwiki/inc/template.php:643 see devel:menus should be used instead!
2023-09-29 15:40:49		tpl_get_action() is deprecated. It was called from tpl_actionlink() in /var/www/dokuwiki/inc/template.php:528 see devel:menus should be used instead!
2023-09-29 15:40:49		tpl_action() is deprecated. It was called from include() in /var/www/dokuwiki/lib/tpl/adoradark/tpl_header.php:51 see devel:menus should be used instead!
2023-09-29 15:40:49		tpl_actionlink() is deprecated. It was called from tpl_action() in /var/www/dokuwiki/inc/template.php:643 see devel:menus should be used instead!
2023-09-29 15:40:49		tpl_get_action() is deprecated. It was called from tpl_actionlink() in /var/www/dokuwiki/inc/template.php:528 see devel:menus should be used instead!
2023-09-29 15:40:49		tpl_action() is deprecated. It was called from include() in /var/www/dokuwiki/lib/tpl/adoradark/tpl_header.php:52 see devel:menus should be used instead!
2023-09-29 15:40:49		tpl_actionlink() is deprecated. It was called from tpl_action() in /var/www/dokuwiki/inc/template.php:643 see devel:menus should be used instead!
2023-09-29 15:40:49		tpl_get_action() is deprecated. It was called from tpl_actionlink() in /var/www/dokuwiki/inc/template.php:528 see devel:menus should be used instead!
2023-09-29 15:40:49		tpl_action() is deprecated. It was called from include() in /var/www/dokuwiki/lib/tpl/adoradark/tpl_header.php:53 see devel:menus should be used instead!
2023-09-29 15:40:49		tpl_actionlink() is deprecated. It was called from tpl_action() in /var/www/dokuwiki/inc/template.php:643 see devel:menus should be used instead!
2023-09-29 15:40:49		tpl_get_action() is deprecated. It was called from tpl_actionlink() in /var/www/dokuwiki/inc/template.php:528 see devel:menus should be used instead!
2023-09-29 15:40:49		tpl_toolsevent() is deprecated. It was called from include() in /var/www/dokuwiki/lib/tpl/adoradark/tpl_header.php:53 see devel:menus should be used instead!
2023-09-29 15:40:49		tpl_actiondropdown() is deprecated. It was called from include() in /var/www/dokuwiki/lib/tpl/adoradark/tpl_header.php:65 see devel:menus should be used instead!
2023-09-29 15:40:49		tpl_action() is deprecated. It was called from include() in /var/www/dokuwiki/lib/tpl/adoradark/tpl_header.php:70 see devel:menus should be used instead!
2023-09-29 15:40:49		tpl_actionlink() is deprecated. It was called from tpl_action() in /var/www/dokuwiki/inc/template.php:643 see devel:menus should be used instead!
2023-09-29 15:40:49		tpl_get_action() is deprecated. It was called from tpl_actionlink() in /var/www/dokuwiki/inc/template.php:528 see devel:menus should be used instead!
2023-09-29 15:40:49		tpl_action() is deprecated. It was called from include() in /var/www/dokuwiki/lib/tpl/adoradark/tpl_header.php:71 see devel:menus should be used instead!
2023-09-29 15:40:49		tpl_actionlink() is deprecated. It was called from tpl_action() in /var/www/dokuwiki/inc/template.php:643 see devel:menus should be used instead!
2023-09-29 15:40:49		tpl_get_action() is deprecated. It was called from tpl_actionlink() in /var/www/dokuwiki/inc/template.php:528 see devel:menus should be used instead!
2023-09-29 15:40:49		tpl_action() is deprecated. It was called from include() in /var/www/dokuwiki/lib/tpl/adoradark/tpl_header.php:72 see devel:menus should be used instead!
2023-09-29 15:40:49		tpl_actionlink() is deprecated. It was called from tpl_action() in /var/www/dokuwiki/inc/template.php:643 see devel:menus should be used instead!
2023-09-29 15:40:49		tpl_get_action() is deprecated. It was called from tpl_actionlink() in /var/www/dokuwiki/inc/template.php:528 see devel:menus should be used instead!
2023-09-29 15:40:49		tpl_toolsevent() is deprecated. It was called from include() in /var/www/dokuwiki/lib/tpl/adoradark/tpl_header.php:72 see devel:menus should be used instead!
2023-09-29 15:40:49		tpl_action() is deprecated. It was called from include() in /var/www/dokuwiki/lib/tpl/adoradark/main.php:80 see devel:menus should be used instead!
2023-09-29 15:40:49		tpl_actionlink() is deprecated. It was called from tpl_action() in /var/www/dokuwiki/inc/template.php:643 see devel:menus should be used instead!
2023-09-29 15:40:49		tpl_get_action() is deprecated. It was called from tpl_actionlink() in /var/www/dokuwiki/inc/template.php:528 see devel:menus should be used instead!
2023-09-29 15:40:49		tpl_action() is deprecated. It was called from include() in /var/www/dokuwiki/lib/tpl/adoradark/main.php:81 see devel:menus should be used instead!
2023-09-29 15:40:49		tpl_actionlink() is deprecated. It was called from tpl_action() in /var/www/dokuwiki/inc/template.php:643 see devel:menus should be used instead!
2023-09-29 15:40:49		tpl_get_action() is deprecated. It was called from tpl_actionlink() in /var/www/dokuwiki/inc/template.php:528 see devel:menus should be used instead!
2023-09-29 15:40:49		tpl_action() is deprecated. It was called from include() in /var/www/dokuwiki/lib/tpl/adoradark/main.php:82 see devel:menus should be used instead!
2023-09-29 15:40:49		tpl_actionlink() is deprecated. It was called from tpl_action() in /var/www/dokuwiki/inc/template.php:643 see devel:menus should be used instead!
2023-09-29 15:40:49		tpl_get_action() is deprecated. It was called from tpl_actionlink() in /var/www/dokuwiki/inc/template.php:528 see devel:menus should be used instead!
2023-09-29 15:40:49		tpl_action() is deprecated. It was called from include() in /var/www/dokuwiki/lib/tpl/adoradark/main.php:83 see devel:menus should be used instead!
2023-09-29 15:40:49		tpl_actionlink() is deprecated. It was called from tpl_action() in /var/www/dokuwiki/inc/template.php:643 see devel:menus should be used instead!
2023-09-29 15:40:49		tpl_get_action() is deprecated. It was called from tpl_actionlink() in /var/www/dokuwiki/inc/template.php:528 see devel:menus should be used instead!
2023-09-29 15:40:49		tpl_action() is deprecated. It was called from include() in /var/www/dokuwiki/lib/tpl/adoradark/main.php:84 see devel:menus should be used instead!
2023-09-29 15:40:49		tpl_actionlink() is deprecated. It was called from tpl_action() in /var/www/dokuwiki/inc/template.php:643 see devel:menus should be used instead!
2023-09-29 15:40:49		tpl_get_action() is deprecated. It was called from tpl_actionlink() in /var/www/dokuwiki/inc/template.php:528 see devel:menus should be used instead!
2023-09-29 15:40:49		tpl_action() is deprecated. It was called from include() in /var/www/dokuwiki/lib/tpl/adoradark/main.php:85 see devel:menus should be used instead!
2023-09-29 15:40:49		tpl_actionlink() is deprecated. It was called from tpl_action() in /var/www/dokuwiki/inc/template.php:643 see devel:menus should be used instead!
2023-09-29 15:40:49		tpl_get_action() is deprecated. It was called from tpl_actionlink() in /var/www/dokuwiki/inc/template.php:528 see devel:menus should be used instead!
2023-09-29 15:40:49		require(action.php) is deprecated. It was called from require() in /var/www/dokuwiki/lib/plugins/loadskin/action.php:15 Autoloading should be used instead!
2023-09-29 15:40:58		require(action.php) is deprecated. It was called from require() in /var/www/dokuwiki/lib/plugins/loadskin/action.php:15 Autoloading should be used instead!
2023-09-29 15:40:58		tpl_action() is deprecated. It was called from include() in /var/www/dokuwiki/lib/tpl/adoradark/tpl_header.php:50 see devel:menus should be used instead!
2023-09-29 15:40:58		tpl_actionlink() is deprecated. It was called from tpl_action() in /var/www/dokuwiki/inc/template.php:643 see devel:menus should be used instead!
2023-09-29 15:40:58		tpl_get_action() is deprecated. It was called from tpl_actionlink() in /var/www/dokuwiki/inc/template.php:528 see devel:menus should be used instead!
2023-09-29 15:40:58		tpl_action() is deprecated. It was called from include() in /var/www/dokuwiki/lib/tpl/adoradark/tpl_header.php:51 see devel:menus should be used instead!
2023-09-29 15:40:58		tpl_actionlink() is deprecated. It was called from tpl_action() in /var/www/dokuwiki/inc/template.php:643 see devel:menus should be used instead!
2023-09-29 15:40:58		tpl_get_action() is deprecated. It was called from tpl_actionlink() in /var/www/dokuwiki/inc/template.php:528 see devel:menus should be used instead!
2023-09-29 15:40:58		tpl_action() is deprecated. It was called from include() in /var/www/dokuwiki/lib/tpl/adoradark/tpl_header.php:52 see devel:menus should be used instead!
2023-09-29 15:40:58		tpl_actionlink() is deprecated. It was called from tpl_action() in /var/www/dokuwiki/inc/template.php:643 see devel:menus should be used instead!
2023-09-29 15:40:58		tpl_get_action() is deprecated. It was called from tpl_actionlink() in /var/www/dokuwiki/inc/template.php:528 see devel:menus should be used instead!
2023-09-29 15:40:58		tpl_action() is deprecated. It was called from include() in /var/www/dokuwiki/lib/tpl/adoradark/tpl_header.php:53 see devel:menus should be used instead!
2023-09-29 15:40:58		tpl_actionlink() is deprecated. It was called from tpl_action() in /var/www/dokuwiki/inc/template.php:643 see devel:menus should be used instead!
2023-09-29 15:40:58		tpl_get_action() is deprecated. It was called from tpl_actionlink() in /var/www/dokuwiki/inc/template.php:528 see devel:menus should be used instead!
2023-09-29 15:40:58		tpl_toolsevent() is deprecated. It was called from include() in /var/www/dokuwiki/lib/tpl/adoradark/tpl_header.php:53 see devel:menus should be used instead!
2023-09-29 15:40:58		tpl_actiondropdown() is deprecated. It was called from include() in /var/www/dokuwiki/lib/tpl/adoradark/tpl_header.php:65 see devel:menus should be used instead!
2023-09-29 15:40:58		tpl_action() is deprecated. It was called from include() in /var/www/dokuwiki/lib/tpl/adoradark/tpl_header.php:70 see devel:menus should be used instead!
2023-09-29 15:40:58		tpl_actionlink() is deprecated. It was called from tpl_action() in /var/www/dokuwiki/inc/template.php:643 see devel:menus should be used instead!
2023-09-29 15:40:58		tpl_get_action() is deprecated. It was called from tpl_actionlink() in /var/www/dokuwiki/inc/template.php:528 see devel:menus should be used instead!
2023-09-29 15:40:58		tpl_action() is deprecated. It was called from include() in /var/www/dokuwiki/lib/tpl/adoradark/tpl_header.php:71 see devel:menus should be used instead!
2023-09-29 15:40:58		tpl_actionlink() is deprecated. It was called from tpl_action() in /var/www/dokuwiki/inc/template.php:643 see devel:menus should be used instead!
2023-09-29 15:40:58		tpl_get_action() is deprecated. It was called from tpl_actionlink() in /var/www/dokuwiki/inc/template.php:528 see devel:menus should be used instead!
2023-09-29 15:40:58		tpl_action() is deprecated. It was called from include() in /var/www/dokuwiki/lib/tpl/adoradark/tpl_header.php:72 see devel:menus should be used instead!
2023-09-29 15:40:58		tpl_actionlink() is deprecated. It was called from tpl_action() in /var/www/dokuwiki/inc/template.php:643 see devel:menus should be used instead!
2023-09-29 15:40:58		tpl_get_action() is deprecated. It was called from tpl_actionlink() in /var/www/dokuwiki/inc/template.php:528 see devel:menus should be used instead!
2023-09-29 15:40:58		tpl_toolsevent() is deprecated. It was called from include() in /var/www/dokuwiki/lib/tpl/adoradark/tpl_header.php:72 see devel:menus should be used instead!
2023-09-29 15:40:58		require(syntax.php) is deprecated. It was called from require() in /var/www/dokuwiki/lib/plugins/markdowku/syntax/boldasterisk.php:8 Autoloading should be used instead!
2023-09-29 15:40:58		tpl_action() is deprecated. It was called from include() in /var/www/dokuwiki/lib/tpl/adoradark/main.php:80 see devel:menus should be used instead!
2023-09-29 15:40:58		tpl_actionlink() is deprecated. It was called from tpl_action() in /var/www/dokuwiki/inc/template.php:643 see devel:menus should be used instead!
2023-09-29 15:40:58		tpl_get_action() is deprecated. It was called from tpl_actionlink() in /var/www/dokuwiki/inc/template.php:528 see devel:menus should be used instead!
2023-09-29 15:40:58		tpl_action() is deprecated. It was called from include() in /var/www/dokuwiki/lib/tpl/adoradark/main.php:81 see devel:menus should be used instead!
2023-09-29 15:40:58		tpl_actionlink() is deprecated. It was called from tpl_action() in /var/www/dokuwiki/inc/template.php:643 see devel:menus should be used instead!
2023-09-29 15:40:58		tpl_get_action() is deprecated. It was called from tpl_actionlink() in /var/www/dokuwiki/inc/template.php:528 see devel:menus should be used instead!
2023-09-29 15:40:58		tpl_action() is deprecated. It was called from include() in /var/www/dokuwiki/lib/tpl/adoradark/main.php:82 see devel:menus should be used instead!
2023-09-29 15:40:58		tpl_actionlink() is deprecated. It was called from tpl_action() in /var/www/dokuwiki/inc/template.php:643 see devel:menus should be used instead!
2023-09-29 15:40:58		tpl_get_action() is deprecated. It was called from tpl_actionlink() in /var/www/dokuwiki/inc/template.php:528 see devel:menus should be used instead!
2023-09-29 15:40:58		tpl_action() is deprecated. It was called from include() in /var/www/dokuwiki/lib/tpl/adoradark/main.php:83 see devel:menus should be used instead!
2023-09-29 15:40:58		tpl_actionlink() is deprecated. It was called from tpl_action() in /var/www/dokuwiki/inc/template.php:643 see devel:menus should be used instead!
2023-09-29 15:40:58		tpl_get_action() is deprecated. It was called from tpl_actionlink() in /var/www/dokuwiki/inc/template.php:528 see devel:menus should be used instead!
2023-09-29 15:40:58		tpl_action() is deprecated. It was called from include() in /var/www/dokuwiki/lib/tpl/adoradark/main.php:84 see devel:menus should be used instead!
2023-09-29 15:40:58		tpl_actionlink() is deprecated. It was called from tpl_action() in /var/www/dokuwiki/inc/template.php:643 see devel:menus should be used instead!
2023-09-29 15:40:58		tpl_get_action() is deprecated. It was called from tpl_actionlink() in /var/www/dokuwiki/inc/template.php:528 see devel:menus should be used instead!
2023-09-29 15:40:58		tpl_action() is deprecated. It was called from include() in /var/www/dokuwiki/lib/tpl/adoradark/main.php:85 see devel:menus should be used instead!
2023-09-29 15:40:58		tpl_actionlink() is deprecated. It was called from tpl_action() in /var/www/dokuwiki/inc/template.php:643 see devel:menus should be used instead!
2023-09-29 15:40:58		tpl_get_action() is deprecated. It was called from tpl_actionlink() in /var/www/dokuwiki/inc/template.php:528 see devel:menus should be used instead!
2023-09-29 15:40:58		require(action.php) is deprecated. It was called from require() in /var/www/dokuwiki/lib/plugins/loadskin/action.php:15 Autoloading should be used instead!
2023-09-29 15:41:33		require(action.php) is deprecated. It was called from require() in /var/www/dokuwiki/lib/plugins/loadskin/action.php:15 Autoloading should be used instead!
2023-09-29 15:42:08		require(action.php) is deprecated. It was called from require() in /var/www/dokuwiki/lib/plugins/loadskin/action.php:15 Autoloading should be used instead!
2023-09-29 15:42:39		require(action.php) is deprecated. It was called from require() in /var/www/dokuwiki/lib/plugins/loadskin/action.php:15 Autoloading should be used instead!
2023-09-29 15:43:09		require(action.php) is deprecated. It was called from require() in /var/www/dokuwiki/lib/plugins/loadskin/action.php:15 Autoloading should be used instead!
2023-09-29 15:43:09		tpl_action() is deprecated. It was called from include() in /var/www/dokuwiki/lib/tpl/adoradark/tpl_header.php:50 see devel:menus should be used instead!
2023-09-29 15:43:09		tpl_actionlink() is deprecated. It was called from tpl_action() in /var/www/dokuwiki/inc/template.php:643 see devel:menus should be used instead!
2023-09-29 15:43:09		tpl_get_action() is deprecated. It was called from tpl_actionlink() in /var/www/dokuwiki/inc/template.php:528 see devel:menus should be used instead!
2023-09-29 15:43:09		tpl_action() is deprecated. It was called from include() in /var/www/dokuwiki/lib/tpl/adoradark/tpl_header.php:51 see devel:menus should be used instead!
2023-09-29 15:43:09		tpl_actionlink() is deprecated. It was called from tpl_action() in /var/www/dokuwiki/inc/template.php:643 see devel:menus should be used instead!
2023-09-29 15:43:09		tpl_get_action() is deprecated. It was called from tpl_actionlink() in /var/www/dokuwiki/inc/template.php:528 see devel:menus should be used instead!
2023-09-29 15:43:09		tpl_action() is deprecated. It was called from include() in /var/www/dokuwiki/lib/tpl/adoradark/tpl_header.php:52 see devel:menus should be used instead!
2023-09-29 15:43:09		tpl_actionlink() is deprecated. It was called from tpl_action() in /var/www/dokuwiki/inc/template.php:643 see devel:menus should be used instead!
2023-09-29 15:43:09		tpl_get_action() is deprecated. It was called from tpl_actionlink() in /var/www/dokuwiki/inc/template.php:528 see devel:menus should be used instead!
2023-09-29 15:43:09		tpl_action() is deprecated. It was called from include() in /var/www/dokuwiki/lib/tpl/adoradark/tpl_header.php:53 see devel:menus should be used instead!
2023-09-29 15:43:09		tpl_actionlink() is deprecated. It was called from tpl_action() in /var/www/dokuwiki/inc/template.php:643 see devel:menus should be used instead!
2023-09-29 15:43:09		tpl_get_action() is deprecated. It was called from tpl_actionlink() in /var/www/dokuwiki/inc/template.php:528 see devel:menus should be used instead!
2023-09-29 15:43:09		tpl_toolsevent() is deprecated. It was called from include() in /var/www/dokuwiki/lib/tpl/adoradark/tpl_header.php:53 see devel:menus should be used instead!
2023-09-29 15:43:09		tpl_actiondropdown() is deprecated. It was called from include() in /var/www/dokuwiki/lib/tpl/adoradark/tpl_header.php:65 see devel:menus should be used instead!
2023-09-29 15:43:09		tpl_action() is deprecated. It was called from include() in /var/www/dokuwiki/lib/tpl/adoradark/tpl_header.php:70 see devel:menus should be used instead!
2023-09-29 15:43:09		tpl_actionlink() is deprecated. It was called from tpl_action() in /var/www/dokuwiki/inc/template.php:643 see devel:menus should be used instead!
2023-09-29 15:43:09		tpl_get_action() is deprecated. It was called from tpl_actionlink() in /var/www/dokuwiki/inc/template.php:528 see devel:menus should be used instead!
2023-09-29 15:43:09		tpl_action() is deprecated. It was called from include() in /var/www/dokuwiki/lib/tpl/adoradark/tpl_header.php:71 see devel:menus should be used instead!
2023-09-29 15:43:09		tpl_actionlink() is deprecated. It was called from tpl_action() in /var/www/dokuwiki/inc/template.php:643 see devel:menus should be used instead!
2023-09-29 15:43:09		tpl_get_action() is deprecated. It was called from tpl_actionlink() in /var/www/dokuwiki/inc/template.php:528 see devel:menus should be used instead!
2023-09-29 15:43:09		tpl_action() is deprecated. It was called from include() in /var/www/dokuwiki/lib/tpl/adoradark/tpl_header.php:72 see devel:menus should be used instead!
2023-09-29 15:43:09		tpl_actionlink() is deprecated. It was called from tpl_action() in /var/www/dokuwiki/inc/template.php:643 see devel:menus should be used instead!
2023-09-29 15:43:09		tpl_get_action() is deprecated. It was called from tpl_actionlink() in /var/www/dokuwiki/inc/template.php:528 see devel:menus should be used instead!
2023-09-29 15:43:09		tpl_toolsevent() is deprecated. It was called from include() in /var/www/dokuwiki/lib/tpl/adoradark/tpl_header.php:72 see devel:menus should be used instead!
2023-09-29 15:43:09		require(syntax.php) is deprecated. It was called from require() in /var/www/dokuwiki/lib/plugins/markdowku/syntax/boldasterisk.php:8 Autoloading should be used instead!
2023-09-29 15:43:09		Doku_Handler::_addCall() is deprecated. It was called from syntax_plugin_markdowku_headeratx::handle() in /var/www/dokuwiki/lib/plugins/markdowku/syntax/headeratx.php:46 addCall should be used instead!
2023-09-29 15:43:09		Doku_Handler::_addCall() is deprecated. It was called from syntax_plugin_markdowku_headeratx::handle() in /var/www/dokuwiki/lib/plugins/markdowku/syntax/headeratx.php:47 addCall should be used instead!
2023-09-29 15:43:09		Doku_Handler::_addCall() is deprecated. It was called from syntax_plugin_markdowku_hr::handle() in /var/www/dokuwiki/lib/plugins/markdowku/syntax/hr.php:39 addCall should be used instead!
2023-09-29 15:43:09		Doku_Handler::_addCall() is deprecated. It was called from syntax_plugin_markdowku_olists::handle() in /var/www/dokuwiki/lib/plugins/markdowku/syntax/olists.php:44 addCall should be used instead!
2023-09-29 15:43:09		Doku_Handler::_addCall() is deprecated. It was called from syntax_plugin_markdowku_olists::handle() in /var/www/dokuwiki/lib/plugins/markdowku/syntax/olists.php:50 addCall should be used instead!
2023-09-29 15:43:09		Doku_Handler::_addCall() is deprecated. It was called from syntax_plugin_markdowku_olists::handle() in /var/www/dokuwiki/lib/plugins/markdowku/syntax/olists.php:47 addCall should be used instead!
2023-09-29 15:43:09		Doku_Handler::_addCall() is deprecated. It was called from syntax_plugin_markdowku_olists::handle() in /var/www/dokuwiki/lib/plugins/markdowku/syntax/olists.php:50 addCall should be used instead!
2023-09-29 15:43:09		Doku_Handler::_addCall() is deprecated. It was called from syntax_plugin_markdowku_olists::handle() in /var/www/dokuwiki/lib/plugins/markdowku/syntax/olists.php:47 addCall should be used instead!
2023-09-29 15:43:09		Doku_Handler::_addCall() is deprecated. It was called from syntax_plugin_markdowku_olists::handle() in /var/www/dokuwiki/lib/plugins/markdowku/syntax/olists.php:50 addCall should be used instead!
2023-09-29 15:43:09		Doku_Handler::_addCall() is deprecated. It was called from syntax_plugin_markdowku_olists::handle() in /var/www/dokuwiki/lib/plugins/markdowku/syntax/olists.php:47 addCall should be used instead!
2023-09-29 15:43:09		Doku_Handler::_addCall() is deprecated. It was called from syntax_plugin_markdowku_olists::handle() in /var/www/dokuwiki/lib/plugins/markdowku/syntax/olists.php:50 addCall should be used instead!
2023-09-29 15:43:09		Doku_Handler::_addCall() is deprecated. It was called from syntax_plugin_markdowku_olists::handle() in /var/www/dokuwiki/lib/plugins/markdowku/syntax/olists.php:50 addCall should be used instead!
2023-09-29 15:43:09		Doku_Handler::_addCall() is deprecated. It was called from syntax_plugin_markdowku_olists::handle() in /var/www/dokuwiki/lib/plugins/markdowku/syntax/olists.php:53 addCall should be used instead!
2023-09-29 15:43:09		Doku_Handler::_addCall() is deprecated. It was called from syntax_plugin_markdowku_hr::handle() in /var/www/dokuwiki/lib/plugins/markdowku/syntax/hr.php:39 addCall should be used instead!
2023-09-29 15:43:09		Doku_Handler::_addCall() is deprecated. It was called from syntax_plugin_markdowku_ulists::handle() in /var/www/dokuwiki/lib/plugins/markdowku/syntax/ulists.php:45 addCall should be used instead!
2023-09-29 15:43:09		Doku_Handler::_addCall() is deprecated. It was called from syntax_plugin_markdowku_ulists::handle() in /var/www/dokuwiki/lib/plugins/markdowku/syntax/ulists.php:48 addCall should be used instead!
2023-09-29 15:43:09		Doku_Handler::_addCall() is deprecated. It was called from syntax_plugin_markdowku_ulists::handle() in /var/www/dokuwiki/lib/plugins/markdowku/syntax/ulists.php:54 addCall should be used instead!
2023-09-29 15:43:09		Doku_Handler::_addCall() is deprecated. It was called from syntax_plugin_markdowku_hr::handle() in /var/www/dokuwiki/lib/plugins/markdowku/syntax/hr.php:39 addCall should be used instead!
2023-09-29 15:43:09		tpl_action() is deprecated. It was called from include() in /var/www/dokuwiki/lib/tpl/adoradark/main.php:80 see devel:menus should be used instead!
2023-09-29 15:43:09		tpl_actionlink() is deprecated. It was called from tpl_action() in /var/www/dokuwiki/inc/template.php:643 see devel:menus should be used instead!
2023-09-29 15:43:09		tpl_get_action() is deprecated. It was called from tpl_actionlink() in /var/www/dokuwiki/inc/template.php:528 see devel:menus should be used instead!
2023-09-29 15:43:09		tpl_action() is deprecated. It was called from include() in /var/www/dokuwiki/lib/tpl/adoradark/main.php:81 see devel:menus should be used instead!
2023-09-29 15:43:09		tpl_actionlink() is deprecated. It was called from tpl_action() in /var/www/dokuwiki/inc/template.php:643 see devel:menus should be used instead!
2023-09-29 15:43:09		tpl_get_action() is deprecated. It was called from tpl_actionlink() in /var/www/dokuwiki/inc/template.php:528 see devel:menus should be used instead!
2023-09-29 15:43:09		tpl_action() is deprecated. It was called from include() in /var/www/dokuwiki/lib/tpl/adoradark/main.php:82 see devel:menus should be used instead!
2023-09-29 15:43:09		tpl_actionlink() is deprecated. It was called from tpl_action() in /var/www/dokuwiki/inc/template.php:643 see devel:menus should be used instead!
2023-09-29 15:43:09		tpl_get_action() is deprecated. It was called from tpl_actionlink() in /var/www/dokuwiki/inc/template.php:528 see devel:menus should be used instead!
2023-09-29 15:43:09		tpl_action() is deprecated. It was called from include() in /var/www/dokuwiki/lib/tpl/adoradark/main.php:83 see devel:menus should be used instead!
2023-09-29 15:43:09		tpl_actionlink() is deprecated. It was called from tpl_action() in /var/www/dokuwiki/inc/template.php:643 see devel:menus should be used instead!
2023-09-29 15:43:09		tpl_get_action() is deprecated. It was called from tpl_actionlink() in /var/www/dokuwiki/inc/template.php:528 see devel:menus should be used instead!
2023-09-29 15:43:09		tpl_action() is deprecated. It was called from include() in /var/www/dokuwiki/lib/tpl/adoradark/main.php:84 see devel:menus should be used instead!
2023-09-29 15:43:09		tpl_actionlink() is deprecated. It was called from tpl_action() in /var/www/dokuwiki/inc/template.php:643 see devel:menus should be used instead!
2023-09-29 15:43:09		tpl_get_action() is deprecated. It was called from tpl_actionlink() in /var/www/dokuwiki/inc/template.php:528 see devel:menus should be used instead!
2023-09-29 15:43:09		tpl_action() is deprecated. It was called from include() in /var/www/dokuwiki/lib/tpl/adoradark/main.php:85 see devel:menus should be used instead!
2023-09-29 15:43:09		tpl_actionlink() is deprecated. It was called from tpl_action() in /var/www/dokuwiki/inc/template.php:643 see devel:menus should be used instead!
2023-09-29 15:43:09		tpl_get_action() is deprecated. It was called from tpl_actionlink() in /var/www/dokuwiki/inc/template.php:528 see devel:menus should be used instead!
2023-09-29 15:43:09		require(action.php) is deprecated. It was called from require() in /var/www/dokuwiki/lib/plugins/loadskin/action.php:15 Autoloading should be used instead!
2023-09-29 15:43:51		require(action.php) is deprecated. It was called from require() in /var/www/dokuwiki/lib/plugins/loadskin/action.php:15 Autoloading should be used instead!
2023-09-29 15:43:51		require(action.php) is deprecated. It was called from require() in /var/www/dokuwiki/lib/plugins/loadskin/action.php:15 Autoloading should be used instead!
2023-09-29 15:43:51		require(syntax.php) is deprecated. It was called from require() in /var/www/dokuwiki/lib/plugins/markdowku/syntax/anchorsinline.php:8 Autoloading should be used instead!
2023-09-29 15:43:51		Doku_Handler::_addCall() is deprecated. It was called from syntax_plugin_markdowku_headeratx::handle() in /var/www/dokuwiki/lib/plugins/markdowku/syntax/headeratx.php:46 addCall should be used instead!
2023-09-29 15:43:51		Doku_Handler::_addCall() is deprecated. It was called from syntax_plugin_markdowku_headeratx::handle() in /var/www/dokuwiki/lib/plugins/markdowku/syntax/headeratx.php:47 addCall should be used instead!
2023-09-29 15:43:51		Doku_Handler::_addCall() is deprecated. It was called from syntax_plugin_markdowku_hr::handle() in /var/www/dokuwiki/lib/plugins/markdowku/syntax/hr.php:39 addCall should be used instead!
2023-09-29 15:43:51		Doku_Handler::_addCall() is deprecated. It was called from syntax_plugin_markdowku_olists::handle() in /var/www/dokuwiki/lib/plugins/markdowku/syntax/olists.php:44 addCall should be used instead!
2023-09-29 15:43:51		Doku_Handler::_addCall() is deprecated. It was called from syntax_plugin_markdowku_olists::handle() in /var/www/dokuwiki/lib/plugins/markdowku/syntax/olists.php:50 addCall should be used instead!
2023-09-29 15:43:51		Doku_Handler::_addCall() is deprecated. It was called from syntax_plugin_markdowku_olists::handle() in /var/www/dokuwiki/lib/plugins/markdowku/syntax/olists.php:47 addCall should be used instead!
2023-09-29 15:43:51		Doku_Handler::_addCall() is deprecated. It was called from syntax_plugin_markdowku_olists::handle() in /var/www/dokuwiki/lib/plugins/markdowku/syntax/olists.php:50 addCall should be used instead!
2023-09-29 15:43:51		Doku_Handler::_addCall() is deprecated. It was called from syntax_plugin_markdowku_olists::handle() in /var/www/dokuwiki/lib/plugins/markdowku/syntax/olists.php:47 addCall should be used instead!
2023-09-29 15:43:51		Doku_Handler::_addCall() is deprecated. It was called from syntax_plugin_markdowku_olists::handle() in /var/www/dokuwiki/lib/plugins/markdowku/syntax/olists.php:50 addCall should be used instead!
2023-09-29 15:43:51		Doku_Handler::_addCall() is deprecated. It was called from syntax_plugin_markdowku_olists::handle() in /var/www/dokuwiki/lib/plugins/markdowku/syntax/olists.php:47 addCall should be used instead!
2023-09-29 15:43:51		Doku_Handler::_addCall() is deprecated. It was called from syntax_plugin_markdowku_olists::handle() in /var/www/dokuwiki/lib/plugins/markdowku/syntax/olists.php:50 addCall should be used instead!
2023-09-29 15:43:51		Doku_Handler::_addCall() is deprecated. It was called from syntax_plugin_markdowku_olists::handle() in /var/www/dokuwiki/lib/plugins/markdowku/syntax/olists.php:50 addCall should be used instead!
2023-09-29 15:43:51		Doku_Handler::_addCall() is deprecated. It was called from syntax_plugin_markdowku_olists::handle() in /var/www/dokuwiki/lib/plugins/markdowku/syntax/olists.php:53 addCall should be used instead!
2023-09-29 15:43:51		Doku_Handler::_addCall() is deprecated. It was called from syntax_plugin_markdowku_hr::handle() in /var/www/dokuwiki/lib/plugins/markdowku/syntax/hr.php:39 addCall should be used instead!
2023-09-29 15:43:51		Doku_Handler::_addCall() is deprecated. It was called from syntax_plugin_markdowku_ulists::handle() in /var/www/dokuwiki/lib/plugins/markdowku/syntax/ulists.php:45 addCall should be used instead!
2023-09-29 15:43:51		Doku_Handler::_addCall() is deprecated. It was called from syntax_plugin_markdowku_ulists::handle() in /var/www/dokuwiki/lib/plugins/markdowku/syntax/ulists.php:48 addCall should be used instead!
2023-09-29 15:43:51		Doku_Handler::_addCall() is deprecated. It was called from syntax_plugin_markdowku_ulists::handle() in /var/www/dokuwiki/lib/plugins/markdowku/syntax/ulists.php:54 addCall should be used instead!
2023-09-29 15:43:51		Doku_Handler::_addCall() is deprecated. It was called from syntax_plugin_markdowku_hr::handle() in /var/www/dokuwiki/lib/plugins/markdowku/syntax/hr.php:39 addCall should be used instead!
2023-09-29 15:43:51		tpl_action() is deprecated. It was called from include() in /var/www/dokuwiki/lib/tpl/adoradark/tpl_header.php:50 see devel:menus should be used instead!
2023-09-29 15:43:51		tpl_actionlink() is deprecated. It was called from tpl_action() in /var/www/dokuwiki/inc/template.php:643 see devel:menus should be used instead!
2023-09-29 15:43:51		tpl_get_action() is deprecated. It was called from tpl_actionlink() in /var/www/dokuwiki/inc/template.php:528 see devel:menus should be used instead!
2023-09-29 15:43:51		tpl_action() is deprecated. It was called from include() in /var/www/dokuwiki/lib/tpl/adoradark/tpl_header.php:51 see devel:menus should be used instead!
2023-09-29 15:43:51		tpl_actionlink() is deprecated. It was called from tpl_action() in /var/www/dokuwiki/inc/template.php:643 see devel:menus should be used instead!
2023-09-29 15:43:51		tpl_get_action() is deprecated. It was called from tpl_actionlink() in /var/www/dokuwiki/inc/template.php:528 see devel:menus should be used instead!
2023-09-29 15:43:51		tpl_action() is deprecated. It was called from include() in /var/www/dokuwiki/lib/tpl/adoradark/tpl_header.php:52 see devel:menus should be used instead!
2023-09-29 15:43:51		tpl_actionlink() is deprecated. It was called from tpl_action() in /var/www/dokuwiki/inc/template.php:643 see devel:menus should be used instead!
2023-09-29 15:43:51		tpl_get_action() is deprecated. It was called from tpl_actionlink() in /var/www/dokuwiki/inc/template.php:528 see devel:menus should be used instead!
2023-09-29 15:43:51		tpl_action() is deprecated. It was called from include() in /var/www/dokuwiki/lib/tpl/adoradark/tpl_header.php:53 see devel:menus should be used instead!
2023-09-29 15:43:51		tpl_actionlink() is deprecated. It was called from tpl_action() in /var/www/dokuwiki/inc/template.php:643 see devel:menus should be used instead!
2023-09-29 15:43:51		tpl_get_action() is deprecated. It was called from tpl_actionlink() in /var/www/dokuwiki/inc/template.php:528 see devel:menus should be used instead!
2023-09-29 15:43:51		tpl_toolsevent() is deprecated. It was called from include() in /var/www/dokuwiki/lib/tpl/adoradark/tpl_header.php:53 see devel:menus should be used instead!
2023-09-29 15:43:51		tpl_actiondropdown() is deprecated. It was called from include() in /var/www/dokuwiki/lib/tpl/adoradark/tpl_header.php:65 see devel:menus should be used instead!
2023-09-29 15:43:51		tpl_action() is deprecated. It was called from include() in /var/www/dokuwiki/lib/tpl/adoradark/tpl_header.php:70 see devel:menus should be used instead!
2023-09-29 15:43:51		tpl_actionlink() is deprecated. It was called from tpl_action() in /var/www/dokuwiki/inc/template.php:643 see devel:menus should be used instead!
2023-09-29 15:43:51		tpl_get_action() is deprecated. It was called from tpl_actionlink() in /var/www/dokuwiki/inc/template.php:528 see devel:menus should be used instead!
2023-09-29 15:43:51		tpl_action() is deprecated. It was called from include() in /var/www/dokuwiki/lib/tpl/adoradark/tpl_header.php:71 see devel:menus should be used instead!
2023-09-29 15:43:51		tpl_actionlink() is deprecated. It was called from tpl_action() in /var/www/dokuwiki/inc/template.php:643 see devel:menus should be used instead!
2023-09-29 15:43:51		tpl_get_action() is deprecated. It was called from tpl_actionlink() in /var/www/dokuwiki/inc/template.php:528 see devel:menus should be used instead!
2023-09-29 15:43:51		tpl_action() is deprecated. It was called from include() in /var/www/dokuwiki/lib/tpl/adoradark/tpl_header.php:72 see devel:menus should be used instead!
2023-09-29 15:43:51		tpl_actionlink() is deprecated. It was called from tpl_action() in /var/www/dokuwiki/inc/template.php:643 see devel:menus should be used instead!
2023-09-29 15:43:51		tpl_get_action() is deprecated. It was called from tpl_actionlink() in /var/www/dokuwiki/inc/template.php:528 see devel:menus should be used instead!
2023-09-29 15:43:51		tpl_toolsevent() is deprecated. It was called from include() in /var/www/dokuwiki/lib/tpl/adoradark/tpl_header.php:72 see devel:menus should be used instead!
2023-09-29 15:43:51		tpl_action() is deprecated. It was called from include() in /var/www/dokuwiki/lib/tpl/adoradark/main.php:80 see devel:menus should be used instead!
2023-09-29 15:43:51		tpl_actionlink() is deprecated. It was called from tpl_action() in /var/www/dokuwiki/inc/template.php:643 see devel:menus should be used instead!
2023-09-29 15:43:51		tpl_get_action() is deprecated. It was called from tpl_actionlink() in /var/www/dokuwiki/inc/template.php:528 see devel:menus should be used instead!
2023-09-29 15:43:51		tpl_action() is deprecated. It was called from include() in /var/www/dokuwiki/lib/tpl/adoradark/main.php:81 see devel:menus should be used instead!
2023-09-29 15:43:51		tpl_actionlink() is deprecated. It was called from tpl_action() in /var/www/dokuwiki/inc/template.php:643 see devel:menus should be used instead!
2023-09-29 15:43:51		tpl_get_action() is deprecated. It was called from tpl_actionlink() in /var/www/dokuwiki/inc/template.php:528 see devel:menus should be used instead!
2023-09-29 15:43:51		tpl_action() is deprecated. It was called from include() in /var/www/dokuwiki/lib/tpl/adoradark/main.php:82 see devel:menus should be used instead!
2023-09-29 15:43:51		tpl_actionlink() is deprecated. It was called from tpl_action() in /var/www/dokuwiki/inc/template.php:643 see devel:menus should be used instead!
2023-09-29 15:43:51		tpl_get_action() is deprecated. It was called from tpl_actionlink() in /var/www/dokuwiki/inc/template.php:528 see devel:menus should be used instead!
2023-09-29 15:43:51		tpl_action() is deprecated. It was called from include() in /var/www/dokuwiki/lib/tpl/adoradark/main.php:83 see devel:menus should be used instead!
2023-09-29 15:43:51		tpl_actionlink() is deprecated. It was called from tpl_action() in /var/www/dokuwiki/inc/template.php:643 see devel:menus should be used instead!
2023-09-29 15:43:51		tpl_get_action() is deprecated. It was called from tpl_actionlink() in /var/www/dokuwiki/inc/template.php:528 see devel:menus should be used instead!
2023-09-29 15:43:51		tpl_action() is deprecated. It was called from include() in /var/www/dokuwiki/lib/tpl/adoradark/main.php:84 see devel:menus should be used instead!
2023-09-29 15:43:51		tpl_actionlink() is deprecated. It was called from tpl_action() in /var/www/dokuwiki/inc/template.php:643 see devel:menus should be used instead!
2023-09-29 15:43:51		tpl_get_action() is deprecated. It was called from tpl_actionlink() in /var/www/dokuwiki/inc/template.php:528 see devel:menus should be used instead!
2023-09-29 15:43:51		tpl_action() is deprecated. It was called from include() in /var/www/dokuwiki/lib/tpl/adoradark/main.php:85 see devel:menus should be used instead!
2023-09-29 15:43:51		tpl_actionlink() is deprecated. It was called from tpl_action() in /var/www/dokuwiki/inc/template.php:643 see devel:menus should be used instead!
2023-09-29 15:43:51		tpl_get_action() is deprecated. It was called from tpl_actionlink() in /var/www/dokuwiki/inc/template.php:528 see devel:menus should be used instead!
2023-09-29 15:43:52		require(action.php) is deprecated. It was called from require() in /var/www/dokuwiki/lib/plugins/loadskin/action.php:15 Autoloading should be used instead!
2023-09-29 15:43:52		require(syntax.php) is deprecated. It was called from require() in /var/www/dokuwiki/lib/plugins/markdowku/syntax/anchorsinline.php:8 Autoloading should be used instead!
2023-09-29 15:43:52		Doku_Handler::_addCall() is deprecated. It was called from syntax_plugin_markdowku_headeratx::handle() in /var/www/dokuwiki/lib/plugins/markdowku/syntax/headeratx.php:46 addCall should be used instead!
2023-09-29 15:43:52		Doku_Handler::_addCall() is deprecated. It was called from syntax_plugin_markdowku_headeratx::handle() in /var/www/dokuwiki/lib/plugins/markdowku/syntax/headeratx.php:47 addCall should be used instead!
2023-09-29 15:43:52		Doku_Handler::_addCall() is deprecated. It was called from syntax_plugin_markdowku_hr::handle() in /var/www/dokuwiki/lib/plugins/markdowku/syntax/hr.php:39 addCall should be used instead!
2023-09-29 15:43:52		Doku_Handler::_addCall() is deprecated. It was called from syntax_plugin_markdowku_olists::handle() in /var/www/dokuwiki/lib/plugins/markdowku/syntax/olists.php:44 addCall should be used instead!
2023-09-29 15:43:52		Doku_Handler::_addCall() is deprecated. It was called from syntax_plugin_markdowku_olists::handle() in /var/www/dokuwiki/lib/plugins/markdowku/syntax/olists.php:50 addCall should be used instead!
2023-09-29 15:43:52		Doku_Handler::_addCall() is deprecated. It was called from syntax_plugin_markdowku_olists::handle() in /var/www/dokuwiki/lib/plugins/markdowku/syntax/olists.php:47 addCall should be used instead!
2023-09-29 15:43:52		Doku_Handler::_addCall() is deprecated. It was called from syntax_plugin_markdowku_olists::handle() in /var/www/dokuwiki/lib/plugins/markdowku/syntax/olists.php:50 addCall should be used instead!
2023-09-29 15:43:52		Doku_Handler::_addCall() is deprecated. It was called from syntax_plugin_markdowku_olists::handle() in /var/www/dokuwiki/lib/plugins/markdowku/syntax/olists.php:47 addCall should be used instead!
2023-09-29 15:43:52		Doku_Handler::_addCall() is deprecated. It was called from syntax_plugin_markdowku_olists::handle() in /var/www/dokuwiki/lib/plugins/markdowku/syntax/olists.php:50 addCall should be used instead!
2023-09-29 15:43:52		Doku_Handler::_addCall() is deprecated. It was called from syntax_plugin_markdowku_olists::handle() in /var/www/dokuwiki/lib/plugins/markdowku/syntax/olists.php:47 addCall should be used instead!
2023-09-29 15:43:52		Doku_Handler::_addCall() is deprecated. It was called from syntax_plugin_markdowku_olists::handle() in /var/www/dokuwiki/lib/plugins/markdowku/syntax/olists.php:50 addCall should be used instead!
2023-09-29 15:43:52		Doku_Handler::_addCall() is deprecated. It was called from syntax_plugin_markdowku_olists::handle() in /var/www/dokuwiki/lib/plugins/markdowku/syntax/olists.php:50 addCall should be used instead!
2023-09-29 15:43:52		Doku_Handler::_addCall() is deprecated. It was called from syntax_plugin_markdowku_olists::handle() in /var/www/dokuwiki/lib/plugins/markdowku/syntax/olists.php:53 addCall should be used instead!
2023-09-29 15:43:52		Doku_Handler::_addCall() is deprecated. It was called from syntax_plugin_markdowku_hr::handle() in /var/www/dokuwiki/lib/plugins/markdowku/syntax/hr.php:39 addCall should be used instead!
2023-09-29 15:43:52		Doku_Handler::_addCall() is deprecated. It was called from syntax_plugin_markdowku_ulists::handle() in /var/www/dokuwiki/lib/plugins/markdowku/syntax/ulists.php:45 addCall should be used instead!
2023-09-29 15:43:52		Doku_Handler::_addCall() is deprecated. It was called from syntax_plugin_markdowku_ulists::handle() in /var/www/dokuwiki/lib/plugins/markdowku/syntax/ulists.php:48 addCall should be used instead!
2023-09-29 15:43:52		Doku_Handler::_addCall() is deprecated. It was called from syntax_plugin_markdowku_ulists::handle() in /var/www/dokuwiki/lib/plugins/markdowku/syntax/ulists.php:54 addCall should be used instead!
2023-09-29 15:43:52		Doku_Handler::_addCall() is deprecated. It was called from syntax_plugin_markdowku_hr::handle() in /var/www/dokuwiki/lib/plugins/markdowku/syntax/hr.php:39 addCall should be used instead!
2023-09-29 15:44:04		require(action.php) is deprecated. It was called from require() in /var/www/dokuwiki/lib/plugins/loadskin/action.php:15 Autoloading should be used instead!
2023-09-29 15:44:04		tpl_action() is deprecated. It was called from include() in /var/www/dokuwiki/lib/tpl/adoradark/tpl_header.php:50 see devel:menus should be used instead!
2023-09-29 15:44:04		tpl_actionlink() is deprecated. It was called from tpl_action() in /var/www/dokuwiki/inc/template.php:643 see devel:menus should be used instead!
2023-09-29 15:44:04		tpl_get_action() is deprecated. It was called from tpl_actionlink() in /var/www/dokuwiki/inc/template.php:528 see devel:menus should be used instead!
2023-09-29 15:44:04		tpl_action() is deprecated. It was called from include() in /var/www/dokuwiki/lib/tpl/adoradark/tpl_header.php:51 see devel:menus should be used instead!
2023-09-29 15:44:04		tpl_actionlink() is deprecated. It was called from tpl_action() in /var/www/dokuwiki/inc/template.php:643 see devel:menus should be used instead!
2023-09-29 15:44:04		tpl_get_action() is deprecated. It was called from tpl_actionlink() in /var/www/dokuwiki/inc/template.php:528 see devel:menus should be used instead!
2023-09-29 15:44:04		tpl_action() is deprecated. It was called from include() in /var/www/dokuwiki/lib/tpl/adoradark/tpl_header.php:52 see devel:menus should be used instead!
2023-09-29 15:44:04		tpl_actionlink() is deprecated. It was called from tpl_action() in /var/www/dokuwiki/inc/template.php:643 see devel:menus should be used instead!
2023-09-29 15:44:04		tpl_get_action() is deprecated. It was called from tpl_actionlink() in /var/www/dokuwiki/inc/template.php:528 see devel:menus should be used instead!
2023-09-29 15:44:04		tpl_action() is deprecated. It was called from include() in /var/www/dokuwiki/lib/tpl/adoradark/tpl_header.php:53 see devel:menus should be used instead!
2023-09-29 15:44:04		tpl_actionlink() is deprecated. It was called from tpl_action() in /var/www/dokuwiki/inc/template.php:643 see devel:menus should be used instead!
2023-09-29 15:44:04		tpl_get_action() is deprecated. It was called from tpl_actionlink() in /var/www/dokuwiki/inc/template.php:528 see devel:menus should be used instead!
2023-09-29 15:44:04		tpl_toolsevent() is deprecated. It was called from include() in /var/www/dokuwiki/lib/tpl/adoradark/tpl_header.php:53 see devel:menus should be used instead!
2023-09-29 15:44:04		tpl_actiondropdown() is deprecated. It was called from include() in /var/www/dokuwiki/lib/tpl/adoradark/tpl_header.php:65 see devel:menus should be used instead!
2023-09-29 15:44:04		tpl_action() is deprecated. It was called from include() in /var/www/dokuwiki/lib/tpl/adoradark/tpl_header.php:70 see devel:menus should be used instead!
2023-09-29 15:44:04		tpl_actionlink() is deprecated. It was called from tpl_action() in /var/www/dokuwiki/inc/template.php:643 see devel:menus should be used instead!
2023-09-29 15:44:04		tpl_get_action() is deprecated. It was called from tpl_actionlink() in /var/www/dokuwiki/inc/template.php:528 see devel:menus should be used instead!
2023-09-29 15:44:04		tpl_action() is deprecated. It was called from include() in /var/www/dokuwiki/lib/tpl/adoradark/tpl_header.php:71 see devel:menus should be used instead!
2023-09-29 15:44:04		tpl_actionlink() is deprecated. It was called from tpl_action() in /var/www/dokuwiki/inc/template.php:643 see devel:menus should be used instead!
2023-09-29 15:44:04		tpl_get_action() is deprecated. It was called from tpl_actionlink() in /var/www/dokuwiki/inc/template.php:528 see devel:menus should be used instead!
2023-09-29 15:44:04		tpl_action() is deprecated. It was called from include() in /var/www/dokuwiki/lib/tpl/adoradark/tpl_header.php:72 see devel:menus should be used instead!
2023-09-29 15:44:04		tpl_actionlink() is deprecated. It was called from tpl_action() in /var/www/dokuwiki/inc/template.php:643 see devel:menus should be used instead!
2023-09-29 15:44:04		tpl_get_action() is deprecated. It was called from tpl_actionlink() in /var/www/dokuwiki/inc/template.php:528 see devel:menus should be used instead!
2023-09-29 15:44:04		tpl_toolsevent() is deprecated. It was called from include() in /var/www/dokuwiki/lib/tpl/adoradark/tpl_header.php:72 see devel:menus should be used instead!
2023-09-29 15:44:04		tpl_action() is deprecated. It was called from include() in /var/www/dokuwiki/lib/tpl/adoradark/main.php:80 see devel:menus should be used instead!
2023-09-29 15:44:04		tpl_actionlink() is deprecated. It was called from tpl_action() in /var/www/dokuwiki/inc/template.php:643 see devel:menus should be used instead!
2023-09-29 15:44:04		tpl_get_action() is deprecated. It was called from tpl_actionlink() in /var/www/dokuwiki/inc/template.php:528 see devel:menus should be used instead!
2023-09-29 15:44:04		tpl_action() is deprecated. It was called from include() in /var/www/dokuwiki/lib/tpl/adoradark/main.php:81 see devel:menus should be used instead!
2023-09-29 15:44:04		tpl_actionlink() is deprecated. It was called from tpl_action() in /var/www/dokuwiki/inc/template.php:643 see devel:menus should be used instead!
2023-09-29 15:44:04		tpl_get_action() is deprecated. It was called from tpl_actionlink() in /var/www/dokuwiki/inc/template.php:528 see devel:menus should be used instead!
2023-09-29 15:44:04		tpl_action() is deprecated. It was called from include() in /var/www/dokuwiki/lib/tpl/adoradark/main.php:82 see devel:menus should be used instead!
2023-09-29 15:44:04		tpl_actionlink() is deprecated. It was called from tpl_action() in /var/www/dokuwiki/inc/template.php:643 see devel:menus should be used instead!
2023-09-29 15:44:04		tpl_get_action() is deprecated. It was called from tpl_actionlink() in /var/www/dokuwiki/inc/template.php:528 see devel:menus should be used instead!
2023-09-29 15:44:04		tpl_action() is deprecated. It was called from include() in /var/www/dokuwiki/lib/tpl/adoradark/main.php:83 see devel:menus should be used instead!
2023-09-29 15:44:04		tpl_actionlink() is deprecated. It was called from tpl_action() in /var/www/dokuwiki/inc/template.php:643 see devel:menus should be used instead!
2023-09-29 15:44:04		tpl_get_action() is deprecated. It was called from tpl_actionlink() in /var/www/dokuwiki/inc/template.php:528 see devel:menus should be used instead!
2023-09-29 15:44:04		tpl_action() is deprecated. It was called from include() in /var/www/dokuwiki/lib/tpl/adoradark/main.php:84 see devel:menus should be used instead!
2023-09-29 15:44:04		tpl_actionlink() is deprecated. It was called from tpl_action() in /var/www/dokuwiki/inc/template.php:643 see devel:menus should be used instead!
2023-09-29 15:44:04		tpl_get_action() is deprecated. It was called from tpl_actionlink() in /var/www/dokuwiki/inc/template.php:528 see devel:menus should be used instead!
2023-09-29 15:44:04		tpl_action() is deprecated. It was called from include() in /var/www/dokuwiki/lib/tpl/adoradark/main.php:85 see devel:menus should be used instead!
2023-09-29 15:44:04		tpl_actionlink() is deprecated. It was called from tpl_action() in /var/www/dokuwiki/inc/template.php:643 see devel:menus should be used instead!
2023-09-29 15:44:04		tpl_get_action() is deprecated. It was called from tpl_actionlink() in /var/www/dokuwiki/inc/template.php:528 see devel:menus should be used instead!
2023-09-29 15:44:04		require(action.php) is deprecated. It was called from require() in /var/www/dokuwiki/lib/plugins/loadskin/action.php:15 Autoloading should be used instead!
2023-09-29 15:44:06		require(action.php) is deprecated. It was called from require() in /var/www/dokuwiki/lib/plugins/loadskin/action.php:15 Autoloading should be used instead!
2023-09-29 15:44:06		tpl_action() is deprecated. It was called from include() in /var/www/dokuwiki/lib/tpl/adoradark/tpl_header.php:50 see devel:menus should be used instead!
2023-09-29 15:44:06		tpl_actionlink() is deprecated. It was called from tpl_action() in /var/www/dokuwiki/inc/template.php:643 see devel:menus should be used instead!
2023-09-29 15:44:06		tpl_get_action() is deprecated. It was called from tpl_actionlink() in /var/www/dokuwiki/inc/template.php:528 see devel:menus should be used instead!
2023-09-29 15:44:06		tpl_action() is deprecated. It was called from include() in /var/www/dokuwiki/lib/tpl/adoradark/tpl_header.php:51 see devel:menus should be used instead!
2023-09-29 15:44:06		tpl_actionlink() is deprecated. It was called from tpl_action() in /var/www/dokuwiki/inc/template.php:643 see devel:menus should be used instead!
2023-09-29 15:44:06		tpl_get_action() is deprecated. It was called from tpl_actionlink() in /var/www/dokuwiki/inc/template.php:528 see devel:menus should be used instead!
2023-09-29 15:44:06		tpl_action() is deprecated. It was called from include() in /var/www/dokuwiki/lib/tpl/adoradark/tpl_header.php:52 see devel:menus should be used instead!
2023-09-29 15:44:06		tpl_actionlink() is deprecated. It was called from tpl_action() in /var/www/dokuwiki/inc/template.php:643 see devel:menus should be used instead!
2023-09-29 15:44:06		tpl_get_action() is deprecated. It was called from tpl_actionlink() in /var/www/dokuwiki/inc/template.php:528 see devel:menus should be used instead!
2023-09-29 15:44:06		tpl_action() is deprecated. It was called from include() in /var/www/dokuwiki/lib/tpl/adoradark/tpl_header.php:53 see devel:menus should be used instead!
2023-09-29 15:44:06		tpl_actionlink() is deprecated. It was called from tpl_action() in /var/www/dokuwiki/inc/template.php:643 see devel:menus should be used instead!
2023-09-29 15:44:06		tpl_get_action() is deprecated. It was called from tpl_actionlink() in /var/www/dokuwiki/inc/template.php:528 see devel:menus should be used instead!
2023-09-29 15:44:06		tpl_toolsevent() is deprecated. It was called from include() in /var/www/dokuwiki/lib/tpl/adoradark/tpl_header.php:53 see devel:menus should be used instead!
2023-09-29 15:44:06		tpl_actiondropdown() is deprecated. It was called from include() in /var/www/dokuwiki/lib/tpl/adoradark/tpl_header.php:65 see devel:menus should be used instead!
2023-09-29 15:44:06		tpl_action() is deprecated. It was called from include() in /var/www/dokuwiki/lib/tpl/adoradark/tpl_header.php:70 see devel:menus should be used instead!
2023-09-29 15:44:06		tpl_actionlink() is deprecated. It was called from tpl_action() in /var/www/dokuwiki/inc/template.php:643 see devel:menus should be used instead!
2023-09-29 15:44:06		tpl_get_action() is deprecated. It was called from tpl_actionlink() in /var/www/dokuwiki/inc/template.php:528 see devel:menus should be used instead!
2023-09-29 15:44:06		tpl_action() is deprecated. It was called from include() in /var/www/dokuwiki/lib/tpl/adoradark/tpl_header.php:71 see devel:menus should be used instead!
2023-09-29 15:44:06		tpl_actionlink() is deprecated. It was called from tpl_action() in /var/www/dokuwiki/inc/template.php:643 see devel:menus should be used instead!
2023-09-29 15:44:06		tpl_get_action() is deprecated. It was called from tpl_actionlink() in /var/www/dokuwiki/inc/template.php:528 see devel:menus should be used instead!
2023-09-29 15:44:06		tpl_action() is deprecated. It was called from include() in /var/www/dokuwiki/lib/tpl/adoradark/tpl_header.php:72 see devel:menus should be used instead!
2023-09-29 15:44:06		tpl_actionlink() is deprecated. It was called from tpl_action() in /var/www/dokuwiki/inc/template.php:643 see devel:menus should be used instead!
2023-09-29 15:44:06		tpl_get_action() is deprecated. It was called from tpl_actionlink() in /var/www/dokuwiki/inc/template.php:528 see devel:menus should be used instead!
2023-09-29 15:44:06		tpl_toolsevent() is deprecated. It was called from include() in /var/www/dokuwiki/lib/tpl/adoradark/tpl_header.php:72 see devel:menus should be used instead!
2023-09-29 15:44:06		tpl_action() is deprecated. It was called from include() in /var/www/dokuwiki/lib/tpl/adoradark/main.php:80 see devel:menus should be used instead!
2023-09-29 15:44:06		tpl_actionlink() is deprecated. It was called from tpl_action() in /var/www/dokuwiki/inc/template.php:643 see devel:menus should be used instead!
2023-09-29 15:44:06		tpl_get_action() is deprecated. It was called from tpl_actionlink() in /var/www/dokuwiki/inc/template.php:528 see devel:menus should be used instead!
2023-09-29 15:44:06		tpl_action() is deprecated. It was called from include() in /var/www/dokuwiki/lib/tpl/adoradark/main.php:81 see devel:menus should be used instead!
2023-09-29 15:44:06		tpl_actionlink() is deprecated. It was called from tpl_action() in /var/www/dokuwiki/inc/template.php:643 see devel:menus should be used instead!
2023-09-29 15:44:06		tpl_get_action() is deprecated. It was called from tpl_actionlink() in /var/www/dokuwiki/inc/template.php:528 see devel:menus should be used instead!
2023-09-29 15:44:06		tpl_action() is deprecated. It was called from include() in /var/www/dokuwiki/lib/tpl/adoradark/main.php:82 see devel:menus should be used instead!
2023-09-29 15:44:06		tpl_actionlink() is deprecated. It was called from tpl_action() in /var/www/dokuwiki/inc/template.php:643 see devel:menus should be used instead!
2023-09-29 15:44:06		tpl_get_action() is deprecated. It was called from tpl_actionlink() in /var/www/dokuwiki/inc/template.php:528 see devel:menus should be used instead!
2023-09-29 15:44:06		tpl_action() is deprecated. It was called from include() in /var/www/dokuwiki/lib/tpl/adoradark/main.php:83 see devel:menus should be used instead!
2023-09-29 15:44:06		tpl_actionlink() is deprecated. It was called from tpl_action() in /var/www/dokuwiki/inc/template.php:643 see devel:menus should be used instead!
2023-09-29 15:44:06		tpl_get_action() is deprecated. It was called from tpl_actionlink() in /var/www/dokuwiki/inc/template.php:528 see devel:menus should be used instead!
2023-09-29 15:44:06		tpl_action() is deprecated. It was called from include() in /var/www/dokuwiki/lib/tpl/adoradark/main.php:84 see devel:menus should be used instead!
2023-09-29 15:44:06		tpl_actionlink() is deprecated. It was called from tpl_action() in /var/www/dokuwiki/inc/template.php:643 see devel:menus should be used instead!
2023-09-29 15:44:06		tpl_get_action() is deprecated. It was called from tpl_actionlink() in /var/www/dokuwiki/inc/template.php:528 see devel:menus should be used instead!
2023-09-29 15:44:06		tpl_action() is deprecated. It was called from include() in /var/www/dokuwiki/lib/tpl/adoradark/main.php:85 see devel:menus should be used instead!
2023-09-29 15:44:06		tpl_actionlink() is deprecated. It was called from tpl_action() in /var/www/dokuwiki/inc/template.php:643 see devel:menus should be used instead!
2023-09-29 15:44:06		tpl_get_action() is deprecated. It was called from tpl_actionlink() in /var/www/dokuwiki/inc/template.php:528 see devel:menus should be used instead!
2023-09-29 15:44:07		require(action.php) is deprecated. It was called from require() in /var/www/dokuwiki/lib/plugins/loadskin/action.php:15 Autoloading should be used instead!
