2023-09-21 06:57:19		require(action.php) is deprecated. It was called from require() in /var/www/dokuwiki/lib/plugins/loadskin/action.php:15 Autoloading should be used instead!
2023-09-21 06:57:19		require(syntax.php) is deprecated. It was called from require() in /var/www/dokuwiki/lib/plugins/markdowku/syntax/headeratx.php:8 Autoloading should be used instead!
2023-09-21 06:57:19		tpl_action() is deprecated. It was called from include() in /var/www/dokuwiki/lib/tpl/adoradark/tpl_header.php:50 see devel:menus should be used instead!
2023-09-21 06:57:19		tpl_actionlink() is deprecated. It was called from tpl_action() in /var/www/dokuwiki/inc/template.php:643 see devel:menus should be used instead!
2023-09-21 06:57:19		tpl_get_action() is deprecated. It was called from tpl_actionlink() in /var/www/dokuwiki/inc/template.php:528 see devel:menus should be used instead!
2023-09-21 06:57:19		tpl_action() is deprecated. It was called from include() in /var/www/dokuwiki/lib/tpl/adoradark/tpl_header.php:51 see devel:menus should be used instead!
2023-09-21 06:57:19		tpl_actionlink() is deprecated. It was called from tpl_action() in /var/www/dokuwiki/inc/template.php:643 see devel:menus should be used instead!
2023-09-21 06:57:19		tpl_get_action() is deprecated. It was called from tpl_actionlink() in /var/www/dokuwiki/inc/template.php:528 see devel:menus should be used instead!
2023-09-21 06:57:19		tpl_action() is deprecated. It was called from include() in /var/www/dokuwiki/lib/tpl/adoradark/tpl_header.php:52 see devel:menus should be used instead!
2023-09-21 06:57:19		tpl_actionlink() is deprecated. It was called from tpl_action() in /var/www/dokuwiki/inc/template.php:643 see devel:menus should be used instead!
2023-09-21 06:57:19		tpl_get_action() is deprecated. It was called from tpl_actionlink() in /var/www/dokuwiki/inc/template.php:528 see devel:menus should be used instead!
2023-09-21 06:57:19		tpl_action() is deprecated. It was called from include() in /var/www/dokuwiki/lib/tpl/adoradark/tpl_header.php:53 see devel:menus should be used instead!
2023-09-21 06:57:19		tpl_actionlink() is deprecated. It was called from tpl_action() in /var/www/dokuwiki/inc/template.php:643 see devel:menus should be used instead!
2023-09-21 06:57:19		tpl_get_action() is deprecated. It was called from tpl_actionlink() in /var/www/dokuwiki/inc/template.php:528 see devel:menus should be used instead!
2023-09-21 06:57:19		tpl_toolsevent() is deprecated. It was called from include() in /var/www/dokuwiki/lib/tpl/adoradark/tpl_header.php:53 see devel:menus should be used instead!
2023-09-21 06:57:19		tpl_actiondropdown() is deprecated. It was called from include() in /var/www/dokuwiki/lib/tpl/adoradark/tpl_header.php:65 see devel:menus should be used instead!
2023-09-21 06:57:19		tpl_action() is deprecated. It was called from include() in /var/www/dokuwiki/lib/tpl/adoradark/tpl_header.php:70 see devel:menus should be used instead!
2023-09-21 06:57:19		tpl_actionlink() is deprecated. It was called from tpl_action() in /var/www/dokuwiki/inc/template.php:643 see devel:menus should be used instead!
2023-09-21 06:57:19		tpl_get_action() is deprecated. It was called from tpl_actionlink() in /var/www/dokuwiki/inc/template.php:528 see devel:menus should be used instead!
2023-09-21 06:57:19		tpl_action() is deprecated. It was called from include() in /var/www/dokuwiki/lib/tpl/adoradark/tpl_header.php:71 see devel:menus should be used instead!
2023-09-21 06:57:19		tpl_actionlink() is deprecated. It was called from tpl_action() in /var/www/dokuwiki/inc/template.php:643 see devel:menus should be used instead!
2023-09-21 06:57:19		tpl_get_action() is deprecated. It was called from tpl_actionlink() in /var/www/dokuwiki/inc/template.php:528 see devel:menus should be used instead!
2023-09-21 06:57:19		tpl_action() is deprecated. It was called from include() in /var/www/dokuwiki/lib/tpl/adoradark/tpl_header.php:72 see devel:menus should be used instead!
2023-09-21 06:57:19		tpl_actionlink() is deprecated. It was called from tpl_action() in /var/www/dokuwiki/inc/template.php:643 see devel:menus should be used instead!
2023-09-21 06:57:19		tpl_get_action() is deprecated. It was called from tpl_actionlink() in /var/www/dokuwiki/inc/template.php:528 see devel:menus should be used instead!
2023-09-21 06:57:19		tpl_toolsevent() is deprecated. It was called from include() in /var/www/dokuwiki/lib/tpl/adoradark/tpl_header.php:72 see devel:menus should be used instead!
2023-09-21 06:57:19		tpl_action() is deprecated. It was called from include() in /var/www/dokuwiki/lib/tpl/adoradark/main.php:80 see devel:menus should be used instead!
2023-09-21 06:57:19		tpl_actionlink() is deprecated. It was called from tpl_action() in /var/www/dokuwiki/inc/template.php:643 see devel:menus should be used instead!
2023-09-21 06:57:19		tpl_get_action() is deprecated. It was called from tpl_actionlink() in /var/www/dokuwiki/inc/template.php:528 see devel:menus should be used instead!
2023-09-21 06:57:19		tpl_action() is deprecated. It was called from include() in /var/www/dokuwiki/lib/tpl/adoradark/main.php:81 see devel:menus should be used instead!
2023-09-21 06:57:19		tpl_actionlink() is deprecated. It was called from tpl_action() in /var/www/dokuwiki/inc/template.php:643 see devel:menus should be used instead!
2023-09-21 06:57:19		tpl_get_action() is deprecated. It was called from tpl_actionlink() in /var/www/dokuwiki/inc/template.php:528 see devel:menus should be used instead!
2023-09-21 06:57:19		tpl_action() is deprecated. It was called from include() in /var/www/dokuwiki/lib/tpl/adoradark/main.php:82 see devel:menus should be used instead!
2023-09-21 06:57:19		tpl_actionlink() is deprecated. It was called from tpl_action() in /var/www/dokuwiki/inc/template.php:643 see devel:menus should be used instead!
2023-09-21 06:57:19		tpl_get_action() is deprecated. It was called from tpl_actionlink() in /var/www/dokuwiki/inc/template.php:528 see devel:menus should be used instead!
2023-09-21 06:57:19		tpl_action() is deprecated. It was called from include() in /var/www/dokuwiki/lib/tpl/adoradark/main.php:83 see devel:menus should be used instead!
2023-09-21 06:57:19		tpl_actionlink() is deprecated. It was called from tpl_action() in /var/www/dokuwiki/inc/template.php:643 see devel:menus should be used instead!
2023-09-21 06:57:19		tpl_get_action() is deprecated. It was called from tpl_actionlink() in /var/www/dokuwiki/inc/template.php:528 see devel:menus should be used instead!
2023-09-21 06:57:19		tpl_action() is deprecated. It was called from include() in /var/www/dokuwiki/lib/tpl/adoradark/main.php:84 see devel:menus should be used instead!
2023-09-21 06:57:19		tpl_actionlink() is deprecated. It was called from tpl_action() in /var/www/dokuwiki/inc/template.php:643 see devel:menus should be used instead!
2023-09-21 06:57:19		tpl_get_action() is deprecated. It was called from tpl_actionlink() in /var/www/dokuwiki/inc/template.php:528 see devel:menus should be used instead!
2023-09-21 06:57:19		tpl_action() is deprecated. It was called from include() in /var/www/dokuwiki/lib/tpl/adoradark/main.php:85 see devel:menus should be used instead!
2023-09-21 06:57:19		tpl_actionlink() is deprecated. It was called from tpl_action() in /var/www/dokuwiki/inc/template.php:643 see devel:menus should be used instead!
2023-09-21 06:57:19		tpl_get_action() is deprecated. It was called from tpl_actionlink() in /var/www/dokuwiki/inc/template.php:528 see devel:menus should be used instead!
2023-09-21 06:57:19		require(action.php) is deprecated. It was called from require() in /var/www/dokuwiki/lib/plugins/loadskin/action.php:15 Autoloading should be used instead!
2023-09-21 06:57:19		require(action.php) is deprecated. It was called from require() in /var/www/dokuwiki/lib/plugins/loadskin/action.php:15 Autoloading should be used instead!
2023-09-21 06:57:19		require(action.php) is deprecated. It was called from require() in /var/www/dokuwiki/lib/plugins/loadskin/action.php:15 Autoloading should be used instead!
2023-09-21 06:57:19		require(action.php) is deprecated. It was called from require() in /var/www/dokuwiki/lib/plugins/loadskin/action.php:15 Autoloading should be used instead!
2023-09-21 06:57:19		require(action.php) is deprecated. It was called from require() in /var/www/dokuwiki/lib/plugins/loadskin/action.php:15 Autoloading should be used instead!
2023-09-21 06:57:23		require(action.php) is deprecated. It was called from require() in /var/www/dokuwiki/lib/plugins/loadskin/action.php:15 Autoloading should be used instead!
2023-09-21 06:57:23		require(syntax.php) is deprecated. It was called from require() in /var/www/dokuwiki/lib/plugins/markdowku/syntax/anchorsinline.php:8 Autoloading should be used instead!
2023-09-21 06:57:23		Doku_Handler::_addCall() is deprecated. It was called from syntax_plugin_markdowku_headeratx::handle() in /var/www/dokuwiki/lib/plugins/markdowku/syntax/headeratx.php:46 addCall should be used instead!
2023-09-21 06:57:23		Doku_Handler::_addCall() is deprecated. It was called from syntax_plugin_markdowku_headeratx::handle() in /var/www/dokuwiki/lib/plugins/markdowku/syntax/headeratx.php:47 addCall should be used instead!
2023-09-21 06:57:23		Doku_Handler::_addCall() is deprecated. It was called from syntax_plugin_markdowku_headeratx::handle() in /var/www/dokuwiki/lib/plugins/markdowku/syntax/headeratx.php:40 addCall should be used instead!
2023-09-21 06:57:23		Doku_Handler::_addCall() is deprecated. It was called from syntax_plugin_markdowku_headeratx::handle() in /var/www/dokuwiki/lib/plugins/markdowku/syntax/headeratx.php:46 addCall should be used instead!
2023-09-21 06:57:23		Doku_Handler::_addCall() is deprecated. It was called from syntax_plugin_markdowku_headeratx::handle() in /var/www/dokuwiki/lib/plugins/markdowku/syntax/headeratx.php:47 addCall should be used instead!
2023-09-21 06:57:23		Doku_Handler::_addCall() is deprecated. It was called from syntax_plugin_markdowku_hr::handle() in /var/www/dokuwiki/lib/plugins/markdowku/syntax/hr.php:39 addCall should be used instead!
2023-09-21 06:57:23		Doku_Handler::_addCall() is deprecated. It was called from syntax_plugin_markdowku_hr::handle() in /var/www/dokuwiki/lib/plugins/markdowku/syntax/hr.php:39 addCall should be used instead!
2023-09-21 06:57:23		Doku_Handler::_addCall() is deprecated. It was called from syntax_plugin_markdowku_headeratx::handle() in /var/www/dokuwiki/lib/plugins/markdowku/syntax/headeratx.php:40 addCall should be used instead!
2023-09-21 06:57:23		Doku_Handler::_addCall() is deprecated. It was called from syntax_plugin_markdowku_headeratx::handle() in /var/www/dokuwiki/lib/plugins/markdowku/syntax/headeratx.php:46 addCall should be used instead!
2023-09-21 06:57:23		Doku_Handler::_addCall() is deprecated. It was called from syntax_plugin_markdowku_headeratx::handle() in /var/www/dokuwiki/lib/plugins/markdowku/syntax/headeratx.php:47 addCall should be used instead!
2023-09-21 06:57:23		Doku_Handler::_addCall() is deprecated. It was called from syntax_plugin_markdowku_hr::handle() in /var/www/dokuwiki/lib/plugins/markdowku/syntax/hr.php:39 addCall should be used instead!
2023-09-21 06:57:23		Doku_Handler::_addCall() is deprecated. It was called from syntax_plugin_markdowku_hr::handle() in /var/www/dokuwiki/lib/plugins/markdowku/syntax/hr.php:39 addCall should be used instead!
2023-09-21 06:57:23		Doku_Handler::_addCall() is deprecated. It was called from syntax_plugin_markdowku_hr::handle() in /var/www/dokuwiki/lib/plugins/markdowku/syntax/hr.php:39 addCall should be used instead!
2023-09-21 06:57:23		Doku_Handler::_addCall() is deprecated. It was called from syntax_plugin_markdowku_hr::handle() in /var/www/dokuwiki/lib/plugins/markdowku/syntax/hr.php:39 addCall should be used instead!
2023-09-21 06:57:23		tpl_action() is deprecated. It was called from include() in /var/www/dokuwiki/lib/tpl/adoradark/tpl_header.php:50 see devel:menus should be used instead!
2023-09-21 06:57:23		tpl_actionlink() is deprecated. It was called from tpl_action() in /var/www/dokuwiki/inc/template.php:643 see devel:menus should be used instead!
2023-09-21 06:57:23		tpl_get_action() is deprecated. It was called from tpl_actionlink() in /var/www/dokuwiki/inc/template.php:528 see devel:menus should be used instead!
2023-09-21 06:57:23		tpl_action() is deprecated. It was called from include() in /var/www/dokuwiki/lib/tpl/adoradark/tpl_header.php:51 see devel:menus should be used instead!
2023-09-21 06:57:23		tpl_actionlink() is deprecated. It was called from tpl_action() in /var/www/dokuwiki/inc/template.php:643 see devel:menus should be used instead!
2023-09-21 06:57:23		tpl_get_action() is deprecated. It was called from tpl_actionlink() in /var/www/dokuwiki/inc/template.php:528 see devel:menus should be used instead!
2023-09-21 06:57:23		tpl_action() is deprecated. It was called from include() in /var/www/dokuwiki/lib/tpl/adoradark/tpl_header.php:52 see devel:menus should be used instead!
2023-09-21 06:57:23		tpl_actionlink() is deprecated. It was called from tpl_action() in /var/www/dokuwiki/inc/template.php:643 see devel:menus should be used instead!
2023-09-21 06:57:23		tpl_get_action() is deprecated. It was called from tpl_actionlink() in /var/www/dokuwiki/inc/template.php:528 see devel:menus should be used instead!
2023-09-21 06:57:23		tpl_action() is deprecated. It was called from include() in /var/www/dokuwiki/lib/tpl/adoradark/tpl_header.php:53 see devel:menus should be used instead!
2023-09-21 06:57:23		tpl_actionlink() is deprecated. It was called from tpl_action() in /var/www/dokuwiki/inc/template.php:643 see devel:menus should be used instead!
2023-09-21 06:57:23		tpl_get_action() is deprecated. It was called from tpl_actionlink() in /var/www/dokuwiki/inc/template.php:528 see devel:menus should be used instead!
2023-09-21 06:57:23		tpl_toolsevent() is deprecated. It was called from include() in /var/www/dokuwiki/lib/tpl/adoradark/tpl_header.php:53 see devel:menus should be used instead!
2023-09-21 06:57:23		tpl_actiondropdown() is deprecated. It was called from include() in /var/www/dokuwiki/lib/tpl/adoradark/tpl_header.php:65 see devel:menus should be used instead!
2023-09-21 06:57:23		tpl_action() is deprecated. It was called from include() in /var/www/dokuwiki/lib/tpl/adoradark/tpl_header.php:70 see devel:menus should be used instead!
2023-09-21 06:57:23		tpl_actionlink() is deprecated. It was called from tpl_action() in /var/www/dokuwiki/inc/template.php:643 see devel:menus should be used instead!
2023-09-21 06:57:23		tpl_get_action() is deprecated. It was called from tpl_actionlink() in /var/www/dokuwiki/inc/template.php:528 see devel:menus should be used instead!
2023-09-21 06:57:23		tpl_action() is deprecated. It was called from include() in /var/www/dokuwiki/lib/tpl/adoradark/tpl_header.php:71 see devel:menus should be used instead!
2023-09-21 06:57:23		tpl_actionlink() is deprecated. It was called from tpl_action() in /var/www/dokuwiki/inc/template.php:643 see devel:menus should be used instead!
2023-09-21 06:57:23		tpl_get_action() is deprecated. It was called from tpl_actionlink() in /var/www/dokuwiki/inc/template.php:528 see devel:menus should be used instead!
2023-09-21 06:57:23		tpl_action() is deprecated. It was called from include() in /var/www/dokuwiki/lib/tpl/adoradark/tpl_header.php:72 see devel:menus should be used instead!
2023-09-21 06:57:23		tpl_actionlink() is deprecated. It was called from tpl_action() in /var/www/dokuwiki/inc/template.php:643 see devel:menus should be used instead!
2023-09-21 06:57:23		tpl_get_action() is deprecated. It was called from tpl_actionlink() in /var/www/dokuwiki/inc/template.php:528 see devel:menus should be used instead!
2023-09-21 06:57:23		tpl_toolsevent() is deprecated. It was called from include() in /var/www/dokuwiki/lib/tpl/adoradark/tpl_header.php:72 see devel:menus should be used instead!
2023-09-21 06:57:23		tpl_action() is deprecated. It was called from include() in /var/www/dokuwiki/lib/tpl/adoradark/main.php:80 see devel:menus should be used instead!
2023-09-21 06:57:23		tpl_actionlink() is deprecated. It was called from tpl_action() in /var/www/dokuwiki/inc/template.php:643 see devel:menus should be used instead!
2023-09-21 06:57:23		tpl_get_action() is deprecated. It was called from tpl_actionlink() in /var/www/dokuwiki/inc/template.php:528 see devel:menus should be used instead!
2023-09-21 06:57:23		tpl_action() is deprecated. It was called from include() in /var/www/dokuwiki/lib/tpl/adoradark/main.php:81 see devel:menus should be used instead!
2023-09-21 06:57:23		tpl_actionlink() is deprecated. It was called from tpl_action() in /var/www/dokuwiki/inc/template.php:643 see devel:menus should be used instead!
2023-09-21 06:57:23		tpl_get_action() is deprecated. It was called from tpl_actionlink() in /var/www/dokuwiki/inc/template.php:528 see devel:menus should be used instead!
2023-09-21 06:57:23		tpl_action() is deprecated. It was called from include() in /var/www/dokuwiki/lib/tpl/adoradark/main.php:82 see devel:menus should be used instead!
2023-09-21 06:57:23		tpl_actionlink() is deprecated. It was called from tpl_action() in /var/www/dokuwiki/inc/template.php:643 see devel:menus should be used instead!
2023-09-21 06:57:23		tpl_get_action() is deprecated. It was called from tpl_actionlink() in /var/www/dokuwiki/inc/template.php:528 see devel:menus should be used instead!
2023-09-21 06:57:23		tpl_action() is deprecated. It was called from include() in /var/www/dokuwiki/lib/tpl/adoradark/main.php:83 see devel:menus should be used instead!
2023-09-21 06:57:23		tpl_actionlink() is deprecated. It was called from tpl_action() in /var/www/dokuwiki/inc/template.php:643 see devel:menus should be used instead!
2023-09-21 06:57:23		tpl_get_action() is deprecated. It was called from tpl_actionlink() in /var/www/dokuwiki/inc/template.php:528 see devel:menus should be used instead!
2023-09-21 06:57:23		tpl_action() is deprecated. It was called from include() in /var/www/dokuwiki/lib/tpl/adoradark/main.php:84 see devel:menus should be used instead!
2023-09-21 06:57:23		tpl_actionlink() is deprecated. It was called from tpl_action() in /var/www/dokuwiki/inc/template.php:643 see devel:menus should be used instead!
2023-09-21 06:57:23		tpl_get_action() is deprecated. It was called from tpl_actionlink() in /var/www/dokuwiki/inc/template.php:528 see devel:menus should be used instead!
2023-09-21 06:57:23		tpl_action() is deprecated. It was called from include() in /var/www/dokuwiki/lib/tpl/adoradark/main.php:85 see devel:menus should be used instead!
2023-09-21 06:57:23		tpl_actionlink() is deprecated. It was called from tpl_action() in /var/www/dokuwiki/inc/template.php:643 see devel:menus should be used instead!
2023-09-21 06:57:23		tpl_get_action() is deprecated. It was called from tpl_actionlink() in /var/www/dokuwiki/inc/template.php:528 see devel:menus should be used instead!
2023-09-21 06:57:23		require(action.php) is deprecated. It was called from require() in /var/www/dokuwiki/lib/plugins/loadskin/action.php:15 Autoloading should be used instead!
2023-09-21 06:57:23		require(action.php) is deprecated. It was called from require() in /var/www/dokuwiki/lib/plugins/loadskin/action.php:15 Autoloading should be used instead!
2023-09-21 06:57:41		require(action.php) is deprecated. It was called from require() in /var/www/dokuwiki/lib/plugins/loadskin/action.php:15 Autoloading should be used instead!
2023-09-21 06:57:41		tpl_action() is deprecated. It was called from include() in /var/www/dokuwiki/lib/tpl/adoradark/tpl_header.php:50 see devel:menus should be used instead!
2023-09-21 06:57:41		tpl_actionlink() is deprecated. It was called from tpl_action() in /var/www/dokuwiki/inc/template.php:643 see devel:menus should be used instead!
2023-09-21 06:57:41		tpl_get_action() is deprecated. It was called from tpl_actionlink() in /var/www/dokuwiki/inc/template.php:528 see devel:menus should be used instead!
2023-09-21 06:57:41		tpl_action() is deprecated. It was called from include() in /var/www/dokuwiki/lib/tpl/adoradark/tpl_header.php:51 see devel:menus should be used instead!
2023-09-21 06:57:41		tpl_actionlink() is deprecated. It was called from tpl_action() in /var/www/dokuwiki/inc/template.php:643 see devel:menus should be used instead!
2023-09-21 06:57:41		tpl_get_action() is deprecated. It was called from tpl_actionlink() in /var/www/dokuwiki/inc/template.php:528 see devel:menus should be used instead!
2023-09-21 06:57:41		tpl_action() is deprecated. It was called from include() in /var/www/dokuwiki/lib/tpl/adoradark/tpl_header.php:52 see devel:menus should be used instead!
2023-09-21 06:57:41		tpl_actionlink() is deprecated. It was called from tpl_action() in /var/www/dokuwiki/inc/template.php:643 see devel:menus should be used instead!
2023-09-21 06:57:41		tpl_get_action() is deprecated. It was called from tpl_actionlink() in /var/www/dokuwiki/inc/template.php:528 see devel:menus should be used instead!
2023-09-21 06:57:41		tpl_action() is deprecated. It was called from include() in /var/www/dokuwiki/lib/tpl/adoradark/tpl_header.php:53 see devel:menus should be used instead!
2023-09-21 06:57:41		tpl_actionlink() is deprecated. It was called from tpl_action() in /var/www/dokuwiki/inc/template.php:643 see devel:menus should be used instead!
2023-09-21 06:57:41		tpl_get_action() is deprecated. It was called from tpl_actionlink() in /var/www/dokuwiki/inc/template.php:528 see devel:menus should be used instead!
2023-09-21 06:57:41		tpl_toolsevent() is deprecated. It was called from include() in /var/www/dokuwiki/lib/tpl/adoradark/tpl_header.php:53 see devel:menus should be used instead!
2023-09-21 06:57:41		tpl_actiondropdown() is deprecated. It was called from include() in /var/www/dokuwiki/lib/tpl/adoradark/tpl_header.php:65 see devel:menus should be used instead!
2023-09-21 06:57:41		tpl_action() is deprecated. It was called from include() in /var/www/dokuwiki/lib/tpl/adoradark/tpl_header.php:70 see devel:menus should be used instead!
2023-09-21 06:57:41		tpl_actionlink() is deprecated. It was called from tpl_action() in /var/www/dokuwiki/inc/template.php:643 see devel:menus should be used instead!
2023-09-21 06:57:41		tpl_get_action() is deprecated. It was called from tpl_actionlink() in /var/www/dokuwiki/inc/template.php:528 see devel:menus should be used instead!
2023-09-21 06:57:41		tpl_action() is deprecated. It was called from include() in /var/www/dokuwiki/lib/tpl/adoradark/tpl_header.php:71 see devel:menus should be used instead!
2023-09-21 06:57:41		tpl_actionlink() is deprecated. It was called from tpl_action() in /var/www/dokuwiki/inc/template.php:643 see devel:menus should be used instead!
2023-09-21 06:57:41		tpl_get_action() is deprecated. It was called from tpl_actionlink() in /var/www/dokuwiki/inc/template.php:528 see devel:menus should be used instead!
2023-09-21 06:57:41		tpl_action() is deprecated. It was called from include() in /var/www/dokuwiki/lib/tpl/adoradark/tpl_header.php:72 see devel:menus should be used instead!
2023-09-21 06:57:41		tpl_actionlink() is deprecated. It was called from tpl_action() in /var/www/dokuwiki/inc/template.php:643 see devel:menus should be used instead!
2023-09-21 06:57:41		tpl_get_action() is deprecated. It was called from tpl_actionlink() in /var/www/dokuwiki/inc/template.php:528 see devel:menus should be used instead!
2023-09-21 06:57:41		tpl_toolsevent() is deprecated. It was called from include() in /var/www/dokuwiki/lib/tpl/adoradark/tpl_header.php:72 see devel:menus should be used instead!
2023-09-21 06:57:41		tpl_action() is deprecated. It was called from include() in /var/www/dokuwiki/lib/tpl/adoradark/main.php:80 see devel:menus should be used instead!
2023-09-21 06:57:41		tpl_actionlink() is deprecated. It was called from tpl_action() in /var/www/dokuwiki/inc/template.php:643 see devel:menus should be used instead!
2023-09-21 06:57:41		tpl_get_action() is deprecated. It was called from tpl_actionlink() in /var/www/dokuwiki/inc/template.php:528 see devel:menus should be used instead!
2023-09-21 06:57:41		tpl_action() is deprecated. It was called from include() in /var/www/dokuwiki/lib/tpl/adoradark/main.php:81 see devel:menus should be used instead!
2023-09-21 06:57:41		tpl_actionlink() is deprecated. It was called from tpl_action() in /var/www/dokuwiki/inc/template.php:643 see devel:menus should be used instead!
2023-09-21 06:57:41		tpl_get_action() is deprecated. It was called from tpl_actionlink() in /var/www/dokuwiki/inc/template.php:528 see devel:menus should be used instead!
2023-09-21 06:57:41		tpl_action() is deprecated. It was called from include() in /var/www/dokuwiki/lib/tpl/adoradark/main.php:82 see devel:menus should be used instead!
2023-09-21 06:57:41		tpl_actionlink() is deprecated. It was called from tpl_action() in /var/www/dokuwiki/inc/template.php:643 see devel:menus should be used instead!
2023-09-21 06:57:41		tpl_get_action() is deprecated. It was called from tpl_actionlink() in /var/www/dokuwiki/inc/template.php:528 see devel:menus should be used instead!
2023-09-21 06:57:41		tpl_action() is deprecated. It was called from include() in /var/www/dokuwiki/lib/tpl/adoradark/main.php:83 see devel:menus should be used instead!
2023-09-21 06:57:41		tpl_actionlink() is deprecated. It was called from tpl_action() in /var/www/dokuwiki/inc/template.php:643 see devel:menus should be used instead!
2023-09-21 06:57:41		tpl_get_action() is deprecated. It was called from tpl_actionlink() in /var/www/dokuwiki/inc/template.php:528 see devel:menus should be used instead!
2023-09-21 06:57:41		tpl_action() is deprecated. It was called from include() in /var/www/dokuwiki/lib/tpl/adoradark/main.php:84 see devel:menus should be used instead!
2023-09-21 06:57:41		tpl_actionlink() is deprecated. It was called from tpl_action() in /var/www/dokuwiki/inc/template.php:643 see devel:menus should be used instead!
2023-09-21 06:57:41		tpl_get_action() is deprecated. It was called from tpl_actionlink() in /var/www/dokuwiki/inc/template.php:528 see devel:menus should be used instead!
2023-09-21 06:57:41		tpl_action() is deprecated. It was called from include() in /var/www/dokuwiki/lib/tpl/adoradark/main.php:85 see devel:menus should be used instead!
2023-09-21 06:57:41		tpl_actionlink() is deprecated. It was called from tpl_action() in /var/www/dokuwiki/inc/template.php:643 see devel:menus should be used instead!
2023-09-21 06:57:41		tpl_get_action() is deprecated. It was called from tpl_actionlink() in /var/www/dokuwiki/inc/template.php:528 see devel:menus should be used instead!
2023-09-21 06:57:41		require(action.php) is deprecated. It was called from require() in /var/www/dokuwiki/lib/plugins/loadskin/action.php:15 Autoloading should be used instead!
2023-09-21 06:57:41		require(action.php) is deprecated. It was called from require() in /var/www/dokuwiki/lib/plugins/loadskin/action.php:15 Autoloading should be used instead!
2023-09-21 06:57:41		require(action.php) is deprecated. It was called from require() in /var/www/dokuwiki/lib/plugins/loadskin/action.php:15 Autoloading should be used instead!
2023-09-21 06:57:41		require(action.php) is deprecated. It was called from require() in /var/www/dokuwiki/lib/plugins/loadskin/action.php:15 Autoloading should be used instead!
2023-09-21 06:57:41		require(action.php) is deprecated. It was called from require() in /var/www/dokuwiki/lib/plugins/loadskin/action.php:15 Autoloading should be used instead!
2023-09-21 06:57:43		require(action.php) is deprecated. It was called from require() in /var/www/dokuwiki/lib/plugins/loadskin/action.php:15 Autoloading should be used instead!
2023-09-21 06:57:43		tpl_action() is deprecated. It was called from include() in /var/www/dokuwiki/lib/tpl/adoradark/tpl_header.php:50 see devel:menus should be used instead!
2023-09-21 06:57:43		tpl_actionlink() is deprecated. It was called from tpl_action() in /var/www/dokuwiki/inc/template.php:643 see devel:menus should be used instead!
2023-09-21 06:57:43		tpl_get_action() is deprecated. It was called from tpl_actionlink() in /var/www/dokuwiki/inc/template.php:528 see devel:menus should be used instead!
2023-09-21 06:57:43		tpl_action() is deprecated. It was called from include() in /var/www/dokuwiki/lib/tpl/adoradark/tpl_header.php:51 see devel:menus should be used instead!
2023-09-21 06:57:43		tpl_actionlink() is deprecated. It was called from tpl_action() in /var/www/dokuwiki/inc/template.php:643 see devel:menus should be used instead!
2023-09-21 06:57:43		tpl_get_action() is deprecated. It was called from tpl_actionlink() in /var/www/dokuwiki/inc/template.php:528 see devel:menus should be used instead!
2023-09-21 06:57:43		tpl_action() is deprecated. It was called from include() in /var/www/dokuwiki/lib/tpl/adoradark/tpl_header.php:52 see devel:menus should be used instead!
2023-09-21 06:57:43		tpl_actionlink() is deprecated. It was called from tpl_action() in /var/www/dokuwiki/inc/template.php:643 see devel:menus should be used instead!
2023-09-21 06:57:43		tpl_get_action() is deprecated. It was called from tpl_actionlink() in /var/www/dokuwiki/inc/template.php:528 see devel:menus should be used instead!
2023-09-21 06:57:43		tpl_action() is deprecated. It was called from include() in /var/www/dokuwiki/lib/tpl/adoradark/tpl_header.php:53 see devel:menus should be used instead!
2023-09-21 06:57:43		tpl_actionlink() is deprecated. It was called from tpl_action() in /var/www/dokuwiki/inc/template.php:643 see devel:menus should be used instead!
2023-09-21 06:57:43		tpl_get_action() is deprecated. It was called from tpl_actionlink() in /var/www/dokuwiki/inc/template.php:528 see devel:menus should be used instead!
2023-09-21 06:57:43		tpl_toolsevent() is deprecated. It was called from include() in /var/www/dokuwiki/lib/tpl/adoradark/tpl_header.php:53 see devel:menus should be used instead!
2023-09-21 06:57:43		tpl_actiondropdown() is deprecated. It was called from include() in /var/www/dokuwiki/lib/tpl/adoradark/tpl_header.php:65 see devel:menus should be used instead!
2023-09-21 06:57:43		tpl_action() is deprecated. It was called from include() in /var/www/dokuwiki/lib/tpl/adoradark/tpl_header.php:70 see devel:menus should be used instead!
2023-09-21 06:57:43		tpl_actionlink() is deprecated. It was called from tpl_action() in /var/www/dokuwiki/inc/template.php:643 see devel:menus should be used instead!
2023-09-21 06:57:43		tpl_get_action() is deprecated. It was called from tpl_actionlink() in /var/www/dokuwiki/inc/template.php:528 see devel:menus should be used instead!
2023-09-21 06:57:43		tpl_action() is deprecated. It was called from include() in /var/www/dokuwiki/lib/tpl/adoradark/tpl_header.php:71 see devel:menus should be used instead!
2023-09-21 06:57:43		tpl_actionlink() is deprecated. It was called from tpl_action() in /var/www/dokuwiki/inc/template.php:643 see devel:menus should be used instead!
2023-09-21 06:57:43		tpl_get_action() is deprecated. It was called from tpl_actionlink() in /var/www/dokuwiki/inc/template.php:528 see devel:menus should be used instead!
2023-09-21 06:57:43		tpl_action() is deprecated. It was called from include() in /var/www/dokuwiki/lib/tpl/adoradark/tpl_header.php:72 see devel:menus should be used instead!
2023-09-21 06:57:43		tpl_actionlink() is deprecated. It was called from tpl_action() in /var/www/dokuwiki/inc/template.php:643 see devel:menus should be used instead!
2023-09-21 06:57:43		tpl_get_action() is deprecated. It was called from tpl_actionlink() in /var/www/dokuwiki/inc/template.php:528 see devel:menus should be used instead!
2023-09-21 06:57:43		tpl_toolsevent() is deprecated. It was called from include() in /var/www/dokuwiki/lib/tpl/adoradark/tpl_header.php:72 see devel:menus should be used instead!
2023-09-21 06:57:43		tpl_action() is deprecated. It was called from include() in /var/www/dokuwiki/lib/tpl/adoradark/main.php:80 see devel:menus should be used instead!
2023-09-21 06:57:43		tpl_actionlink() is deprecated. It was called from tpl_action() in /var/www/dokuwiki/inc/template.php:643 see devel:menus should be used instead!
2023-09-21 06:57:43		tpl_get_action() is deprecated. It was called from tpl_actionlink() in /var/www/dokuwiki/inc/template.php:528 see devel:menus should be used instead!
2023-09-21 06:57:43		tpl_action() is deprecated. It was called from include() in /var/www/dokuwiki/lib/tpl/adoradark/main.php:81 see devel:menus should be used instead!
2023-09-21 06:57:43		tpl_actionlink() is deprecated. It was called from tpl_action() in /var/www/dokuwiki/inc/template.php:643 see devel:menus should be used instead!
2023-09-21 06:57:43		tpl_get_action() is deprecated. It was called from tpl_actionlink() in /var/www/dokuwiki/inc/template.php:528 see devel:menus should be used instead!
2023-09-21 06:57:43		tpl_action() is deprecated. It was called from include() in /var/www/dokuwiki/lib/tpl/adoradark/main.php:82 see devel:menus should be used instead!
2023-09-21 06:57:43		tpl_actionlink() is deprecated. It was called from tpl_action() in /var/www/dokuwiki/inc/template.php:643 see devel:menus should be used instead!
2023-09-21 06:57:43		tpl_get_action() is deprecated. It was called from tpl_actionlink() in /var/www/dokuwiki/inc/template.php:528 see devel:menus should be used instead!
2023-09-21 06:57:43		tpl_action() is deprecated. It was called from include() in /var/www/dokuwiki/lib/tpl/adoradark/main.php:83 see devel:menus should be used instead!
2023-09-21 06:57:43		tpl_actionlink() is deprecated. It was called from tpl_action() in /var/www/dokuwiki/inc/template.php:643 see devel:menus should be used instead!
2023-09-21 06:57:43		tpl_get_action() is deprecated. It was called from tpl_actionlink() in /var/www/dokuwiki/inc/template.php:528 see devel:menus should be used instead!
2023-09-21 06:57:43		tpl_action() is deprecated. It was called from include() in /var/www/dokuwiki/lib/tpl/adoradark/main.php:84 see devel:menus should be used instead!
2023-09-21 06:57:43		tpl_actionlink() is deprecated. It was called from tpl_action() in /var/www/dokuwiki/inc/template.php:643 see devel:menus should be used instead!
2023-09-21 06:57:43		tpl_get_action() is deprecated. It was called from tpl_actionlink() in /var/www/dokuwiki/inc/template.php:528 see devel:menus should be used instead!
2023-09-21 06:57:43		tpl_action() is deprecated. It was called from include() in /var/www/dokuwiki/lib/tpl/adoradark/main.php:85 see devel:menus should be used instead!
2023-09-21 06:57:43		tpl_actionlink() is deprecated. It was called from tpl_action() in /var/www/dokuwiki/inc/template.php:643 see devel:menus should be used instead!
2023-09-21 06:57:43		tpl_get_action() is deprecated. It was called from tpl_actionlink() in /var/www/dokuwiki/inc/template.php:528 see devel:menus should be used instead!
2023-09-21 06:57:43		require(action.php) is deprecated. It was called from require() in /var/www/dokuwiki/lib/plugins/loadskin/action.php:15 Autoloading should be used instead!
2023-09-21 06:57:43		require(action.php) is deprecated. It was called from require() in /var/www/dokuwiki/lib/plugins/loadskin/action.php:15 Autoloading should be used instead!
2023-09-21 06:57:48		require(action.php) is deprecated. It was called from require() in /var/www/dokuwiki/lib/plugins/loadskin/action.php:15 Autoloading should be used instead!
2023-09-21 06:57:48		require(syntax.php) is deprecated. It was called from require() in /var/www/dokuwiki/lib/plugins/markdowku/syntax/anchorsinline.php:8 Autoloading should be used instead!
2023-09-21 06:57:48		Doku_Handler::_addCall() is deprecated. It was called from syntax_plugin_markdowku_headeratx::handle() in /var/www/dokuwiki/lib/plugins/markdowku/syntax/headeratx.php:46 addCall should be used instead!
2023-09-21 06:57:48		Doku_Handler::_addCall() is deprecated. It was called from syntax_plugin_markdowku_headeratx::handle() in /var/www/dokuwiki/lib/plugins/markdowku/syntax/headeratx.php:47 addCall should be used instead!
2023-09-21 06:57:48		Doku_Handler::_addCall() is deprecated. It was called from syntax_plugin_markdowku_hr::handle() in /var/www/dokuwiki/lib/plugins/markdowku/syntax/hr.php:39 addCall should be used instead!
2023-09-21 06:57:48		Doku_Handler::_addCall() is deprecated. It was called from syntax_plugin_markdowku_headeratx::handle() in /var/www/dokuwiki/lib/plugins/markdowku/syntax/headeratx.php:40 addCall should be used instead!
2023-09-21 06:57:48		Doku_Handler::_addCall() is deprecated. It was called from syntax_plugin_markdowku_headeratx::handle() in /var/www/dokuwiki/lib/plugins/markdowku/syntax/headeratx.php:46 addCall should be used instead!
2023-09-21 06:57:48		Doku_Handler::_addCall() is deprecated. It was called from syntax_plugin_markdowku_headeratx::handle() in /var/www/dokuwiki/lib/plugins/markdowku/syntax/headeratx.php:47 addCall should be used instead!
2023-09-21 06:57:48		Doku_Handler::_addCall() is deprecated. It was called from syntax_plugin_markdowku_githubcodeblocks::handle() in /var/www/dokuwiki/lib/plugins/markdowku/syntax/githubcodeblocks.php:40 addCall should be used instead!
2023-09-21 06:57:48		Doku_Handler::_addCall() is deprecated. It was called from syntax_plugin_markdowku_githubcodeblocks::handle() in /var/www/dokuwiki/lib/plugins/markdowku/syntax/githubcodeblocks.php:40 addCall should be used instead!
2023-09-21 06:57:48		Doku_Handler::_addCall() is deprecated. It was called from syntax_plugin_markdowku_githubcodeblocks::handle() in /var/www/dokuwiki/lib/plugins/markdowku/syntax/githubcodeblocks.php:40 addCall should be used instead!
2023-09-21 06:57:48		Doku_Handler::_addCall() is deprecated. It was called from syntax_plugin_markdowku_hr::handle() in /var/www/dokuwiki/lib/plugins/markdowku/syntax/hr.php:39 addCall should be used instead!
2023-09-21 06:57:48		Doku_Handler::_addCall() is deprecated. It was called from syntax_plugin_markdowku_hr::handle() in /var/www/dokuwiki/lib/plugins/markdowku/syntax/hr.php:39 addCall should be used instead!
2023-09-21 06:57:48		tpl_action() is deprecated. It was called from include() in /var/www/dokuwiki/lib/tpl/adoradark/tpl_header.php:50 see devel:menus should be used instead!
2023-09-21 06:57:48		tpl_actionlink() is deprecated. It was called from tpl_action() in /var/www/dokuwiki/inc/template.php:643 see devel:menus should be used instead!
2023-09-21 06:57:48		tpl_get_action() is deprecated. It was called from tpl_actionlink() in /var/www/dokuwiki/inc/template.php:528 see devel:menus should be used instead!
2023-09-21 06:57:48		tpl_action() is deprecated. It was called from include() in /var/www/dokuwiki/lib/tpl/adoradark/tpl_header.php:51 see devel:menus should be used instead!
2023-09-21 06:57:48		tpl_actionlink() is deprecated. It was called from tpl_action() in /var/www/dokuwiki/inc/template.php:643 see devel:menus should be used instead!
2023-09-21 06:57:48		tpl_get_action() is deprecated. It was called from tpl_actionlink() in /var/www/dokuwiki/inc/template.php:528 see devel:menus should be used instead!
2023-09-21 06:57:48		tpl_action() is deprecated. It was called from include() in /var/www/dokuwiki/lib/tpl/adoradark/tpl_header.php:52 see devel:menus should be used instead!
2023-09-21 06:57:48		tpl_actionlink() is deprecated. It was called from tpl_action() in /var/www/dokuwiki/inc/template.php:643 see devel:menus should be used instead!
2023-09-21 06:57:48		tpl_get_action() is deprecated. It was called from tpl_actionlink() in /var/www/dokuwiki/inc/template.php:528 see devel:menus should be used instead!
2023-09-21 06:57:48		tpl_action() is deprecated. It was called from include() in /var/www/dokuwiki/lib/tpl/adoradark/tpl_header.php:53 see devel:menus should be used instead!
2023-09-21 06:57:48		tpl_actionlink() is deprecated. It was called from tpl_action() in /var/www/dokuwiki/inc/template.php:643 see devel:menus should be used instead!
2023-09-21 06:57:48		tpl_get_action() is deprecated. It was called from tpl_actionlink() in /var/www/dokuwiki/inc/template.php:528 see devel:menus should be used instead!
2023-09-21 06:57:48		tpl_toolsevent() is deprecated. It was called from include() in /var/www/dokuwiki/lib/tpl/adoradark/tpl_header.php:53 see devel:menus should be used instead!
2023-09-21 06:57:48		tpl_actiondropdown() is deprecated. It was called from include() in /var/www/dokuwiki/lib/tpl/adoradark/tpl_header.php:65 see devel:menus should be used instead!
2023-09-21 06:57:48		tpl_action() is deprecated. It was called from include() in /var/www/dokuwiki/lib/tpl/adoradark/tpl_header.php:70 see devel:menus should be used instead!
2023-09-21 06:57:48		tpl_actionlink() is deprecated. It was called from tpl_action() in /var/www/dokuwiki/inc/template.php:643 see devel:menus should be used instead!
2023-09-21 06:57:48		tpl_get_action() is deprecated. It was called from tpl_actionlink() in /var/www/dokuwiki/inc/template.php:528 see devel:menus should be used instead!
2023-09-21 06:57:48		tpl_action() is deprecated. It was called from include() in /var/www/dokuwiki/lib/tpl/adoradark/tpl_header.php:71 see devel:menus should be used instead!
2023-09-21 06:57:48		tpl_actionlink() is deprecated. It was called from tpl_action() in /var/www/dokuwiki/inc/template.php:643 see devel:menus should be used instead!
2023-09-21 06:57:48		tpl_get_action() is deprecated. It was called from tpl_actionlink() in /var/www/dokuwiki/inc/template.php:528 see devel:menus should be used instead!
2023-09-21 06:57:48		tpl_action() is deprecated. It was called from include() in /var/www/dokuwiki/lib/tpl/adoradark/tpl_header.php:72 see devel:menus should be used instead!
2023-09-21 06:57:48		tpl_actionlink() is deprecated. It was called from tpl_action() in /var/www/dokuwiki/inc/template.php:643 see devel:menus should be used instead!
2023-09-21 06:57:48		tpl_get_action() is deprecated. It was called from tpl_actionlink() in /var/www/dokuwiki/inc/template.php:528 see devel:menus should be used instead!
2023-09-21 06:57:48		tpl_toolsevent() is deprecated. It was called from include() in /var/www/dokuwiki/lib/tpl/adoradark/tpl_header.php:72 see devel:menus should be used instead!
2023-09-21 06:57:48		tpl_action() is deprecated. It was called from include() in /var/www/dokuwiki/lib/tpl/adoradark/main.php:80 see devel:menus should be used instead!
2023-09-21 06:57:48		tpl_actionlink() is deprecated. It was called from tpl_action() in /var/www/dokuwiki/inc/template.php:643 see devel:menus should be used instead!
2023-09-21 06:57:48		tpl_get_action() is deprecated. It was called from tpl_actionlink() in /var/www/dokuwiki/inc/template.php:528 see devel:menus should be used instead!
2023-09-21 06:57:48		tpl_action() is deprecated. It was called from include() in /var/www/dokuwiki/lib/tpl/adoradark/main.php:81 see devel:menus should be used instead!
2023-09-21 06:57:48		tpl_actionlink() is deprecated. It was called from tpl_action() in /var/www/dokuwiki/inc/template.php:643 see devel:menus should be used instead!
2023-09-21 06:57:48		tpl_get_action() is deprecated. It was called from tpl_actionlink() in /var/www/dokuwiki/inc/template.php:528 see devel:menus should be used instead!
2023-09-21 06:57:48		tpl_action() is deprecated. It was called from include() in /var/www/dokuwiki/lib/tpl/adoradark/main.php:82 see devel:menus should be used instead!
2023-09-21 06:57:48		tpl_actionlink() is deprecated. It was called from tpl_action() in /var/www/dokuwiki/inc/template.php:643 see devel:menus should be used instead!
2023-09-21 06:57:48		tpl_get_action() is deprecated. It was called from tpl_actionlink() in /var/www/dokuwiki/inc/template.php:528 see devel:menus should be used instead!
2023-09-21 06:57:48		tpl_action() is deprecated. It was called from include() in /var/www/dokuwiki/lib/tpl/adoradark/main.php:83 see devel:menus should be used instead!
2023-09-21 06:57:48		tpl_actionlink() is deprecated. It was called from tpl_action() in /var/www/dokuwiki/inc/template.php:643 see devel:menus should be used instead!
2023-09-21 06:57:48		tpl_get_action() is deprecated. It was called from tpl_actionlink() in /var/www/dokuwiki/inc/template.php:528 see devel:menus should be used instead!
2023-09-21 06:57:48		tpl_action() is deprecated. It was called from include() in /var/www/dokuwiki/lib/tpl/adoradark/main.php:84 see devel:menus should be used instead!
2023-09-21 06:57:48		tpl_actionlink() is deprecated. It was called from tpl_action() in /var/www/dokuwiki/inc/template.php:643 see devel:menus should be used instead!
2023-09-21 06:57:48		tpl_get_action() is deprecated. It was called from tpl_actionlink() in /var/www/dokuwiki/inc/template.php:528 see devel:menus should be used instead!
2023-09-21 06:57:48		tpl_action() is deprecated. It was called from include() in /var/www/dokuwiki/lib/tpl/adoradark/main.php:85 see devel:menus should be used instead!
2023-09-21 06:57:48		tpl_actionlink() is deprecated. It was called from tpl_action() in /var/www/dokuwiki/inc/template.php:643 see devel:menus should be used instead!
2023-09-21 06:57:48		tpl_get_action() is deprecated. It was called from tpl_actionlink() in /var/www/dokuwiki/inc/template.php:528 see devel:menus should be used instead!
2023-09-21 06:57:48		require(action.php) is deprecated. It was called from require() in /var/www/dokuwiki/lib/plugins/loadskin/action.php:15 Autoloading should be used instead!
2023-09-21 06:57:48		require(action.php) is deprecated. It was called from require() in /var/www/dokuwiki/lib/plugins/loadskin/action.php:15 Autoloading should be used instead!
2023-09-21 08:06:54		require(action.php) is deprecated. It was called from require() in /var/www/dokuwiki/lib/plugins/loadskin/action.php:15 Autoloading should be used instead!
2023-09-21 08:06:54		require(action.php) is deprecated. It was called from require() in /var/www/dokuwiki/lib/plugins/loadskin/action.php:15 Autoloading should be used instead!
2023-09-21 08:06:54		require(action.php) is deprecated. It was called from require() in /var/www/dokuwiki/lib/plugins/loadskin/action.php:15 Autoloading should be used instead!
2023-09-21 08:06:54		require(action.php) is deprecated. It was called from require() in /var/www/dokuwiki/lib/plugins/loadskin/action.php:15 Autoloading should be used instead!
2023-09-21 08:06:54		require(action.php) is deprecated. It was called from require() in /var/www/dokuwiki/lib/plugins/loadskin/action.php:15 Autoloading should be used instead!
2023-09-21 08:06:54		require(action.php) is deprecated. It was called from require() in /var/www/dokuwiki/lib/plugins/loadskin/action.php:15 Autoloading should be used instead!
2023-09-21 08:09:39		require(action.php) is deprecated. It was called from require() in /var/www/dokuwiki/lib/plugins/loadskin/action.php:15 Autoloading should be used instead!
2023-09-21 08:09:39		require(syntax.php) is deprecated. It was called from require() in /var/www/dokuwiki/lib/plugins/markdowku/syntax/headeratx.php:8 Autoloading should be used instead!
2023-09-21 08:09:39		require(action.php) is deprecated. It was called from require() in /var/www/dokuwiki/lib/plugins/loadskin/action.php:15 Autoloading should be used instead!
2023-09-21 08:09:39		require(action.php) is deprecated. It was called from require() in /var/www/dokuwiki/lib/plugins/loadskin/action.php:15 Autoloading should be used instead!
2023-09-21 08:09:39		require(action.php) is deprecated. It was called from require() in /var/www/dokuwiki/lib/plugins/loadskin/action.php:15 Autoloading should be used instead!
2023-09-21 08:09:39		require(action.php) is deprecated. It was called from require() in /var/www/dokuwiki/lib/plugins/loadskin/action.php:15 Autoloading should be used instead!
2023-09-21 08:09:40		require(action.php) is deprecated. It was called from require() in /var/www/dokuwiki/lib/plugins/loadskin/action.php:15 Autoloading should be used instead!
2023-09-21 08:09:40		require(syntax.php) is deprecated. It was called from require() in /var/www/dokuwiki/lib/plugins/markdowku/syntax/hr.php:11 Autoloading should be used instead!
2023-09-21 08:09:40		require(action.php) is deprecated. It was called from require() in /var/www/dokuwiki/lib/plugins/loadskin/action.php:15 Autoloading should be used instead!
2023-09-21 08:09:40		require(syntax.php) is deprecated. It was called from require() in /var/www/dokuwiki/lib/plugins/markdowku/syntax/hr.php:11 Autoloading should be used instead!
2023-09-21 08:09:41		require(action.php) is deprecated. It was called from require() in /var/www/dokuwiki/lib/plugins/loadskin/action.php:15 Autoloading should be used instead!
2023-09-21 08:09:41		require(syntax.php) is deprecated. It was called from require() in /var/www/dokuwiki/lib/plugins/markdowku/syntax/hr.php:11 Autoloading should be used instead!
2023-09-21 08:09:41		require(action.php) is deprecated. It was called from require() in /var/www/dokuwiki/lib/plugins/loadskin/action.php:15 Autoloading should be used instead!
2023-09-21 08:09:42		require(action.php) is deprecated. It was called from require() in /var/www/dokuwiki/lib/plugins/loadskin/action.php:15 Autoloading should be used instead!
2023-09-21 08:09:42		require(action.php) is deprecated. It was called from require() in /var/www/dokuwiki/lib/plugins/loadskin/action.php:15 Autoloading should be used instead!
2023-09-21 08:09:42		require(action.php) is deprecated. It was called from require() in /var/www/dokuwiki/lib/plugins/loadskin/action.php:15 Autoloading should be used instead!
2023-09-21 08:09:42		require(syntax.php) is deprecated. It was called from require() in /var/www/dokuwiki/lib/plugins/markdowku/syntax/hr.php:11 Autoloading should be used instead!
2023-09-21 08:09:42		require(syntax.php) is deprecated. It was called from require() in /var/www/dokuwiki/lib/plugins/markdowku/syntax/hr.php:11 Autoloading should be used instead!
2023-09-21 08:09:42		require(syntax.php) is deprecated. It was called from require() in /var/www/dokuwiki/lib/plugins/markdowku/syntax/hr.php:11 Autoloading should be used instead!
2023-09-21 08:09:42		require(action.php) is deprecated. It was called from require() in /var/www/dokuwiki/lib/plugins/loadskin/action.php:15 Autoloading should be used instead!
2023-09-21 08:09:42		require(syntax.php) is deprecated. It was called from require() in /var/www/dokuwiki/lib/plugins/markdowku/syntax/ulists.php:10 Autoloading should be used instead!
2023-09-21 08:09:42		require(action.php) is deprecated. It was called from require() in /var/www/dokuwiki/lib/plugins/loadskin/action.php:15 Autoloading should be used instead!
2023-09-21 08:09:42		require(syntax.php) is deprecated. It was called from require() in /var/www/dokuwiki/lib/plugins/markdowku/syntax/hr.php:11 Autoloading should be used instead!
2023-09-21 08:09:42		require(action.php) is deprecated. It was called from require() in /var/www/dokuwiki/lib/plugins/loadskin/action.php:15 Autoloading should be used instead!
2023-09-21 08:09:42		require(syntax.php) is deprecated. It was called from require() in /var/www/dokuwiki/lib/plugins/markdowku/syntax/hr.php:11 Autoloading should be used instead!
2023-09-21 08:09:43		require(action.php) is deprecated. It was called from require() in /var/www/dokuwiki/lib/plugins/loadskin/action.php:15 Autoloading should be used instead!
2023-09-21 08:09:43		require(syntax.php) is deprecated. It was called from require() in /var/www/dokuwiki/lib/plugins/markdowku/syntax/hr.php:11 Autoloading should be used instead!
2023-09-21 08:09:43		require(action.php) is deprecated. It was called from require() in /var/www/dokuwiki/lib/plugins/loadskin/action.php:15 Autoloading should be used instead!
2023-09-21 08:09:43		require(syntax.php) is deprecated. It was called from require() in /var/www/dokuwiki/lib/plugins/markdowku/syntax/hr.php:11 Autoloading should be used instead!
2023-09-21 08:09:47		require(action.php) is deprecated. It was called from require() in /var/www/dokuwiki/lib/plugins/loadskin/action.php:15 Autoloading should be used instead!
2023-09-21 08:09:47		require(action.php) is deprecated. It was called from require() in /var/www/dokuwiki/lib/plugins/loadskin/action.php:15 Autoloading should be used instead!
2023-09-21 08:09:48		require(action.php) is deprecated. It was called from require() in /var/www/dokuwiki/lib/plugins/loadskin/action.php:15 Autoloading should be used instead!
2023-09-21 08:09:48		require(action.php) is deprecated. It was called from require() in /var/www/dokuwiki/lib/plugins/loadskin/action.php:15 Autoloading should be used instead!
2023-09-21 08:09:49		require(action.php) is deprecated. It was called from require() in /var/www/dokuwiki/lib/plugins/loadskin/action.php:15 Autoloading should be used instead!
2023-09-21 08:09:49		require(action.php) is deprecated. It was called from require() in /var/www/dokuwiki/lib/plugins/loadskin/action.php:15 Autoloading should be used instead!
2023-09-21 08:09:50		require(action.php) is deprecated. It was called from require() in /var/www/dokuwiki/lib/plugins/loadskin/action.php:15 Autoloading should be used instead!
2023-09-21 08:09:51		require(action.php) is deprecated. It was called from require() in /var/www/dokuwiki/lib/plugins/loadskin/action.php:15 Autoloading should be used instead!
2023-09-21 08:09:51		require(action.php) is deprecated. It was called from require() in /var/www/dokuwiki/lib/plugins/loadskin/action.php:15 Autoloading should be used instead!
2023-09-21 08:09:52		require(action.php) is deprecated. It was called from require() in /var/www/dokuwiki/lib/plugins/loadskin/action.php:15 Autoloading should be used instead!
2023-09-21 08:09:54		require(action.php) is deprecated. It was called from require() in /var/www/dokuwiki/lib/plugins/loadskin/action.php:15 Autoloading should be used instead!
2023-09-21 08:09:54		require(action.php) is deprecated. It was called from require() in /var/www/dokuwiki/lib/plugins/loadskin/action.php:15 Autoloading should be used instead!
2023-09-21 08:09:54		require(action.php) is deprecated. It was called from require() in /var/www/dokuwiki/lib/plugins/loadskin/action.php:15 Autoloading should be used instead!
2023-09-21 08:09:55		require(action.php) is deprecated. It was called from require() in /var/www/dokuwiki/lib/plugins/loadskin/action.php:15 Autoloading should be used instead!
2023-09-21 08:09:55		require(action.php) is deprecated. It was called from require() in /var/www/dokuwiki/lib/plugins/loadskin/action.php:15 Autoloading should be used instead!
2023-09-21 08:09:55		require(syntax.php) is deprecated. It was called from require() in /var/www/dokuwiki/lib/plugins/markdowku/syntax/hr.php:11 Autoloading should be used instead!
2023-09-21 08:09:55		require(action.php) is deprecated. It was called from require() in /var/www/dokuwiki/lib/plugins/loadskin/action.php:15 Autoloading should be used instead!
2023-09-21 08:09:55		require(action.php) is deprecated. It was called from require() in /var/www/dokuwiki/lib/plugins/loadskin/action.php:15 Autoloading should be used instead!
2023-09-21 08:09:55		require(action.php) is deprecated. It was called from require() in /var/www/dokuwiki/lib/plugins/loadskin/action.php:15 Autoloading should be used instead!
2023-09-21 08:09:56		require(action.php) is deprecated. It was called from require() in /var/www/dokuwiki/lib/plugins/loadskin/action.php:15 Autoloading should be used instead!
2023-09-21 08:09:56		require(syntax.php) is deprecated. It was called from require() in /var/www/dokuwiki/lib/plugins/markdowku/syntax/headeratx.php:8 Autoloading should be used instead!
2023-09-21 08:09:56		require(action.php) is deprecated. It was called from require() in /var/www/dokuwiki/lib/plugins/loadskin/action.php:15 Autoloading should be used instead!
2023-09-21 08:09:56		require(syntax.php) is deprecated. It was called from require() in /var/www/dokuwiki/lib/plugins/markdowku/syntax/hr.php:11 Autoloading should be used instead!
2023-09-21 08:09:56		require(action.php) is deprecated. It was called from require() in /var/www/dokuwiki/lib/plugins/loadskin/action.php:15 Autoloading should be used instead!
2023-09-21 08:09:56		require(syntax.php) is deprecated. It was called from require() in /var/www/dokuwiki/lib/plugins/markdowku/syntax/headeratx.php:8 Autoloading should be used instead!
2023-09-21 08:09:56		require(action.php) is deprecated. It was called from require() in /var/www/dokuwiki/lib/plugins/loadskin/action.php:15 Autoloading should be used instead!
2023-09-21 08:09:56		require(syntax.php) is deprecated. It was called from require() in /var/www/dokuwiki/lib/plugins/markdowku/syntax/anchorsinline.php:8 Autoloading should be used instead!
2023-09-21 08:09:56		Doku_Handler::_addCall() is deprecated. It was called from syntax_plugin_markdowku_headeratx::handle() in /var/www/dokuwiki/lib/plugins/markdowku/syntax/headeratx.php:46 addCall should be used instead!
2023-09-21 08:09:56		Doku_Handler::_addCall() is deprecated. It was called from syntax_plugin_markdowku_headeratx::handle() in /var/www/dokuwiki/lib/plugins/markdowku/syntax/headeratx.php:47 addCall should be used instead!
2023-09-21 08:09:56		Doku_Handler::_addCall() is deprecated. It was called from syntax_plugin_markdowku_hr::handle() in /var/www/dokuwiki/lib/plugins/markdowku/syntax/hr.php:39 addCall should be used instead!
2023-09-21 08:09:56		Doku_Handler::_addCall() is deprecated. It was called from syntax_plugin_markdowku_headeratx::handle() in /var/www/dokuwiki/lib/plugins/markdowku/syntax/headeratx.php:40 addCall should be used instead!
2023-09-21 08:09:56		Doku_Handler::_addCall() is deprecated. It was called from syntax_plugin_markdowku_headeratx::handle() in /var/www/dokuwiki/lib/plugins/markdowku/syntax/headeratx.php:46 addCall should be used instead!
2023-09-21 08:09:56		Doku_Handler::_addCall() is deprecated. It was called from syntax_plugin_markdowku_headeratx::handle() in /var/www/dokuwiki/lib/plugins/markdowku/syntax/headeratx.php:47 addCall should be used instead!
2023-09-21 08:09:56		Doku_Handler::_addCall() is deprecated. It was called from syntax_plugin_markdowku_githubcodeblocks::handle() in /var/www/dokuwiki/lib/plugins/markdowku/syntax/githubcodeblocks.php:40 addCall should be used instead!
2023-09-21 08:09:56		Doku_Handler::_addCall() is deprecated. It was called from syntax_plugin_markdowku_hr::handle() in /var/www/dokuwiki/lib/plugins/markdowku/syntax/hr.php:39 addCall should be used instead!
2023-09-21 08:09:56		Doku_Handler::_addCall() is deprecated. It was called from syntax_plugin_markdowku_hr::handle() in /var/www/dokuwiki/lib/plugins/markdowku/syntax/hr.php:39 addCall should be used instead!
2023-09-21 08:09:58		require(action.php) is deprecated. It was called from require() in /var/www/dokuwiki/lib/plugins/loadskin/action.php:15 Autoloading should be used instead!
2023-09-21 08:09:59		require(action.php) is deprecated. It was called from require() in /var/www/dokuwiki/lib/plugins/loadskin/action.php:15 Autoloading should be used instead!
2023-09-21 08:09:59		require(action.php) is deprecated. It was called from require() in /var/www/dokuwiki/lib/plugins/loadskin/action.php:15 Autoloading should be used instead!
2023-09-21 08:17:03		require(action.php) is deprecated. It was called from require() in /var/www/dokuwiki/lib/plugins/loadskin/action.php:15 Autoloading should be used instead!
2023-09-21 08:17:03		require(syntax.php) is deprecated. It was called from require() in /var/www/dokuwiki/lib/plugins/markdowku/syntax/headeratx.php:8 Autoloading should be used instead!
2023-09-21 08:17:03		tpl_action() is deprecated. It was called from include() in /var/www/dokuwiki/lib/tpl/adoradark/tpl_header.php:50 see devel:menus should be used instead!
2023-09-21 08:17:03		tpl_actionlink() is deprecated. It was called from tpl_action() in /var/www/dokuwiki/inc/template.php:643 see devel:menus should be used instead!
2023-09-21 08:17:03		tpl_get_action() is deprecated. It was called from tpl_actionlink() in /var/www/dokuwiki/inc/template.php:528 see devel:menus should be used instead!
2023-09-21 08:17:03		tpl_action() is deprecated. It was called from include() in /var/www/dokuwiki/lib/tpl/adoradark/tpl_header.php:51 see devel:menus should be used instead!
2023-09-21 08:17:03		tpl_actionlink() is deprecated. It was called from tpl_action() in /var/www/dokuwiki/inc/template.php:643 see devel:menus should be used instead!
2023-09-21 08:17:03		tpl_get_action() is deprecated. It was called from tpl_actionlink() in /var/www/dokuwiki/inc/template.php:528 see devel:menus should be used instead!
2023-09-21 08:17:03		tpl_action() is deprecated. It was called from include() in /var/www/dokuwiki/lib/tpl/adoradark/tpl_header.php:52 see devel:menus should be used instead!
2023-09-21 08:17:03		tpl_actionlink() is deprecated. It was called from tpl_action() in /var/www/dokuwiki/inc/template.php:643 see devel:menus should be used instead!
2023-09-21 08:17:03		tpl_get_action() is deprecated. It was called from tpl_actionlink() in /var/www/dokuwiki/inc/template.php:528 see devel:menus should be used instead!
2023-09-21 08:17:03		tpl_action() is deprecated. It was called from include() in /var/www/dokuwiki/lib/tpl/adoradark/tpl_header.php:53 see devel:menus should be used instead!
2023-09-21 08:17:03		tpl_actionlink() is deprecated. It was called from tpl_action() in /var/www/dokuwiki/inc/template.php:643 see devel:menus should be used instead!
2023-09-21 08:17:03		tpl_get_action() is deprecated. It was called from tpl_actionlink() in /var/www/dokuwiki/inc/template.php:528 see devel:menus should be used instead!
2023-09-21 08:17:03		tpl_toolsevent() is deprecated. It was called from include() in /var/www/dokuwiki/lib/tpl/adoradark/tpl_header.php:53 see devel:menus should be used instead!
2023-09-21 08:17:03		tpl_actiondropdown() is deprecated. It was called from include() in /var/www/dokuwiki/lib/tpl/adoradark/tpl_header.php:65 see devel:menus should be used instead!
2023-09-21 08:17:03		tpl_action() is deprecated. It was called from include() in /var/www/dokuwiki/lib/tpl/adoradark/tpl_header.php:70 see devel:menus should be used instead!
2023-09-21 08:17:03		tpl_actionlink() is deprecated. It was called from tpl_action() in /var/www/dokuwiki/inc/template.php:643 see devel:menus should be used instead!
2023-09-21 08:17:03		tpl_get_action() is deprecated. It was called from tpl_actionlink() in /var/www/dokuwiki/inc/template.php:528 see devel:menus should be used instead!
2023-09-21 08:17:03		tpl_action() is deprecated. It was called from include() in /var/www/dokuwiki/lib/tpl/adoradark/tpl_header.php:71 see devel:menus should be used instead!
2023-09-21 08:17:03		tpl_actionlink() is deprecated. It was called from tpl_action() in /var/www/dokuwiki/inc/template.php:643 see devel:menus should be used instead!
2023-09-21 08:17:03		tpl_get_action() is deprecated. It was called from tpl_actionlink() in /var/www/dokuwiki/inc/template.php:528 see devel:menus should be used instead!
2023-09-21 08:17:03		tpl_action() is deprecated. It was called from include() in /var/www/dokuwiki/lib/tpl/adoradark/tpl_header.php:72 see devel:menus should be used instead!
2023-09-21 08:17:03		tpl_actionlink() is deprecated. It was called from tpl_action() in /var/www/dokuwiki/inc/template.php:643 see devel:menus should be used instead!
2023-09-21 08:17:03		tpl_get_action() is deprecated. It was called from tpl_actionlink() in /var/www/dokuwiki/inc/template.php:528 see devel:menus should be used instead!
2023-09-21 08:17:03		tpl_toolsevent() is deprecated. It was called from include() in /var/www/dokuwiki/lib/tpl/adoradark/tpl_header.php:72 see devel:menus should be used instead!
2023-09-21 08:17:03		tpl_action() is deprecated. It was called from include() in /var/www/dokuwiki/lib/tpl/adoradark/main.php:80 see devel:menus should be used instead!
2023-09-21 08:17:03		tpl_actionlink() is deprecated. It was called from tpl_action() in /var/www/dokuwiki/inc/template.php:643 see devel:menus should be used instead!
2023-09-21 08:17:03		tpl_get_action() is deprecated. It was called from tpl_actionlink() in /var/www/dokuwiki/inc/template.php:528 see devel:menus should be used instead!
2023-09-21 08:17:03		tpl_action() is deprecated. It was called from include() in /var/www/dokuwiki/lib/tpl/adoradark/main.php:81 see devel:menus should be used instead!
2023-09-21 08:17:03		tpl_actionlink() is deprecated. It was called from tpl_action() in /var/www/dokuwiki/inc/template.php:643 see devel:menus should be used instead!
2023-09-21 08:17:03		tpl_get_action() is deprecated. It was called from tpl_actionlink() in /var/www/dokuwiki/inc/template.php:528 see devel:menus should be used instead!
2023-09-21 08:17:03		tpl_action() is deprecated. It was called from include() in /var/www/dokuwiki/lib/tpl/adoradark/main.php:82 see devel:menus should be used instead!
2023-09-21 08:17:03		tpl_actionlink() is deprecated. It was called from tpl_action() in /var/www/dokuwiki/inc/template.php:643 see devel:menus should be used instead!
2023-09-21 08:17:03		tpl_get_action() is deprecated. It was called from tpl_actionlink() in /var/www/dokuwiki/inc/template.php:528 see devel:menus should be used instead!
2023-09-21 08:17:03		tpl_action() is deprecated. It was called from include() in /var/www/dokuwiki/lib/tpl/adoradark/main.php:83 see devel:menus should be used instead!
2023-09-21 08:17:03		tpl_actionlink() is deprecated. It was called from tpl_action() in /var/www/dokuwiki/inc/template.php:643 see devel:menus should be used instead!
2023-09-21 08:17:03		tpl_get_action() is deprecated. It was called from tpl_actionlink() in /var/www/dokuwiki/inc/template.php:528 see devel:menus should be used instead!
2023-09-21 08:17:03		tpl_action() is deprecated. It was called from include() in /var/www/dokuwiki/lib/tpl/adoradark/main.php:84 see devel:menus should be used instead!
2023-09-21 08:17:03		tpl_actionlink() is deprecated. It was called from tpl_action() in /var/www/dokuwiki/inc/template.php:643 see devel:menus should be used instead!
2023-09-21 08:17:03		tpl_get_action() is deprecated. It was called from tpl_actionlink() in /var/www/dokuwiki/inc/template.php:528 see devel:menus should be used instead!
2023-09-21 08:17:03		tpl_action() is deprecated. It was called from include() in /var/www/dokuwiki/lib/tpl/adoradark/main.php:85 see devel:menus should be used instead!
2023-09-21 08:17:03		tpl_actionlink() is deprecated. It was called from tpl_action() in /var/www/dokuwiki/inc/template.php:643 see devel:menus should be used instead!
2023-09-21 08:17:03		tpl_get_action() is deprecated. It was called from tpl_actionlink() in /var/www/dokuwiki/inc/template.php:528 see devel:menus should be used instead!
2023-09-21 08:17:03		require(action.php) is deprecated. It was called from require() in /var/www/dokuwiki/lib/plugins/loadskin/action.php:15 Autoloading should be used instead!
2023-09-21 08:17:03		require(action.php) is deprecated. It was called from require() in /var/www/dokuwiki/lib/plugins/loadskin/action.php:15 Autoloading should be used instead!
2023-09-21 08:17:13		require(action.php) is deprecated. It was called from require() in /var/www/dokuwiki/lib/plugins/loadskin/action.php:15 Autoloading should be used instead!
2023-09-21 08:17:13		tpl_action() is deprecated. It was called from include() in /var/www/dokuwiki/lib/tpl/adoradark/tpl_header.php:50 see devel:menus should be used instead!
2023-09-21 08:17:13		tpl_actionlink() is deprecated. It was called from tpl_action() in /var/www/dokuwiki/inc/template.php:643 see devel:menus should be used instead!
2023-09-21 08:17:13		tpl_get_action() is deprecated. It was called from tpl_actionlink() in /var/www/dokuwiki/inc/template.php:528 see devel:menus should be used instead!
2023-09-21 08:17:13		tpl_action() is deprecated. It was called from include() in /var/www/dokuwiki/lib/tpl/adoradark/tpl_header.php:51 see devel:menus should be used instead!
2023-09-21 08:17:13		tpl_actionlink() is deprecated. It was called from tpl_action() in /var/www/dokuwiki/inc/template.php:643 see devel:menus should be used instead!
2023-09-21 08:17:13		tpl_get_action() is deprecated. It was called from tpl_actionlink() in /var/www/dokuwiki/inc/template.php:528 see devel:menus should be used instead!
2023-09-21 08:17:13		tpl_action() is deprecated. It was called from include() in /var/www/dokuwiki/lib/tpl/adoradark/tpl_header.php:52 see devel:menus should be used instead!
2023-09-21 08:17:13		tpl_actionlink() is deprecated. It was called from tpl_action() in /var/www/dokuwiki/inc/template.php:643 see devel:menus should be used instead!
2023-09-21 08:17:13		tpl_get_action() is deprecated. It was called from tpl_actionlink() in /var/www/dokuwiki/inc/template.php:528 see devel:menus should be used instead!
2023-09-21 08:17:13		tpl_action() is deprecated. It was called from include() in /var/www/dokuwiki/lib/tpl/adoradark/tpl_header.php:53 see devel:menus should be used instead!
2023-09-21 08:17:13		tpl_actionlink() is deprecated. It was called from tpl_action() in /var/www/dokuwiki/inc/template.php:643 see devel:menus should be used instead!
2023-09-21 08:17:13		tpl_get_action() is deprecated. It was called from tpl_actionlink() in /var/www/dokuwiki/inc/template.php:528 see devel:menus should be used instead!
2023-09-21 08:17:13		tpl_toolsevent() is deprecated. It was called from include() in /var/www/dokuwiki/lib/tpl/adoradark/tpl_header.php:53 see devel:menus should be used instead!
2023-09-21 08:17:13		tpl_actiondropdown() is deprecated. It was called from include() in /var/www/dokuwiki/lib/tpl/adoradark/tpl_header.php:65 see devel:menus should be used instead!
2023-09-21 08:17:13		tpl_action() is deprecated. It was called from include() in /var/www/dokuwiki/lib/tpl/adoradark/tpl_header.php:70 see devel:menus should be used instead!
2023-09-21 08:17:13		tpl_actionlink() is deprecated. It was called from tpl_action() in /var/www/dokuwiki/inc/template.php:643 see devel:menus should be used instead!
2023-09-21 08:17:13		tpl_get_action() is deprecated. It was called from tpl_actionlink() in /var/www/dokuwiki/inc/template.php:528 see devel:menus should be used instead!
2023-09-21 08:17:13		tpl_action() is deprecated. It was called from include() in /var/www/dokuwiki/lib/tpl/adoradark/tpl_header.php:71 see devel:menus should be used instead!
2023-09-21 08:17:13		tpl_actionlink() is deprecated. It was called from tpl_action() in /var/www/dokuwiki/inc/template.php:643 see devel:menus should be used instead!
2023-09-21 08:17:13		tpl_get_action() is deprecated. It was called from tpl_actionlink() in /var/www/dokuwiki/inc/template.php:528 see devel:menus should be used instead!
2023-09-21 08:17:13		tpl_action() is deprecated. It was called from include() in /var/www/dokuwiki/lib/tpl/adoradark/tpl_header.php:72 see devel:menus should be used instead!
2023-09-21 08:17:13		tpl_actionlink() is deprecated. It was called from tpl_action() in /var/www/dokuwiki/inc/template.php:643 see devel:menus should be used instead!
2023-09-21 08:17:13		tpl_get_action() is deprecated. It was called from tpl_actionlink() in /var/www/dokuwiki/inc/template.php:528 see devel:menus should be used instead!
2023-09-21 08:17:13		tpl_toolsevent() is deprecated. It was called from include() in /var/www/dokuwiki/lib/tpl/adoradark/tpl_header.php:72 see devel:menus should be used instead!
2023-09-21 08:17:13		tpl_action() is deprecated. It was called from include() in /var/www/dokuwiki/lib/tpl/adoradark/main.php:80 see devel:menus should be used instead!
2023-09-21 08:17:13		tpl_actionlink() is deprecated. It was called from tpl_action() in /var/www/dokuwiki/inc/template.php:643 see devel:menus should be used instead!
2023-09-21 08:17:13		tpl_get_action() is deprecated. It was called from tpl_actionlink() in /var/www/dokuwiki/inc/template.php:528 see devel:menus should be used instead!
2023-09-21 08:17:13		tpl_action() is deprecated. It was called from include() in /var/www/dokuwiki/lib/tpl/adoradark/main.php:81 see devel:menus should be used instead!
2023-09-21 08:17:13		tpl_actionlink() is deprecated. It was called from tpl_action() in /var/www/dokuwiki/inc/template.php:643 see devel:menus should be used instead!
2023-09-21 08:17:13		tpl_get_action() is deprecated. It was called from tpl_actionlink() in /var/www/dokuwiki/inc/template.php:528 see devel:menus should be used instead!
2023-09-21 08:17:13		tpl_action() is deprecated. It was called from include() in /var/www/dokuwiki/lib/tpl/adoradark/main.php:82 see devel:menus should be used instead!
2023-09-21 08:17:13		tpl_actionlink() is deprecated. It was called from tpl_action() in /var/www/dokuwiki/inc/template.php:643 see devel:menus should be used instead!
2023-09-21 08:17:13		tpl_get_action() is deprecated. It was called from tpl_actionlink() in /var/www/dokuwiki/inc/template.php:528 see devel:menus should be used instead!
2023-09-21 08:17:13		tpl_action() is deprecated. It was called from include() in /var/www/dokuwiki/lib/tpl/adoradark/main.php:83 see devel:menus should be used instead!
2023-09-21 08:17:13		tpl_actionlink() is deprecated. It was called from tpl_action() in /var/www/dokuwiki/inc/template.php:643 see devel:menus should be used instead!
2023-09-21 08:17:13		tpl_get_action() is deprecated. It was called from tpl_actionlink() in /var/www/dokuwiki/inc/template.php:528 see devel:menus should be used instead!
2023-09-21 08:17:13		tpl_action() is deprecated. It was called from include() in /var/www/dokuwiki/lib/tpl/adoradark/main.php:84 see devel:menus should be used instead!
2023-09-21 08:17:13		tpl_actionlink() is deprecated. It was called from tpl_action() in /var/www/dokuwiki/inc/template.php:643 see devel:menus should be used instead!
2023-09-21 08:17:13		tpl_get_action() is deprecated. It was called from tpl_actionlink() in /var/www/dokuwiki/inc/template.php:528 see devel:menus should be used instead!
2023-09-21 08:17:13		tpl_action() is deprecated. It was called from include() in /var/www/dokuwiki/lib/tpl/adoradark/main.php:85 see devel:menus should be used instead!
2023-09-21 08:17:13		tpl_actionlink() is deprecated. It was called from tpl_action() in /var/www/dokuwiki/inc/template.php:643 see devel:menus should be used instead!
2023-09-21 08:17:13		tpl_get_action() is deprecated. It was called from tpl_actionlink() in /var/www/dokuwiki/inc/template.php:528 see devel:menus should be used instead!
2023-09-21 08:17:13		require(action.php) is deprecated. It was called from require() in /var/www/dokuwiki/lib/plugins/loadskin/action.php:15 Autoloading should be used instead!
2023-09-21 08:17:13		require(action.php) is deprecated. It was called from require() in /var/www/dokuwiki/lib/plugins/loadskin/action.php:15 Autoloading should be used instead!
2023-09-21 08:17:15		require(action.php) is deprecated. It was called from require() in /var/www/dokuwiki/lib/plugins/loadskin/action.php:15 Autoloading should be used instead!
2023-09-21 08:17:15		tpl_action() is deprecated. It was called from include() in /var/www/dokuwiki/lib/tpl/adoradark/tpl_header.php:50 see devel:menus should be used instead!
2023-09-21 08:17:15		tpl_actionlink() is deprecated. It was called from tpl_action() in /var/www/dokuwiki/inc/template.php:643 see devel:menus should be used instead!
2023-09-21 08:17:15		tpl_get_action() is deprecated. It was called from tpl_actionlink() in /var/www/dokuwiki/inc/template.php:528 see devel:menus should be used instead!
2023-09-21 08:17:15		tpl_action() is deprecated. It was called from include() in /var/www/dokuwiki/lib/tpl/adoradark/tpl_header.php:51 see devel:menus should be used instead!
2023-09-21 08:17:15		tpl_actionlink() is deprecated. It was called from tpl_action() in /var/www/dokuwiki/inc/template.php:643 see devel:menus should be used instead!
2023-09-21 08:17:15		tpl_get_action() is deprecated. It was called from tpl_actionlink() in /var/www/dokuwiki/inc/template.php:528 see devel:menus should be used instead!
2023-09-21 08:17:15		tpl_action() is deprecated. It was called from include() in /var/www/dokuwiki/lib/tpl/adoradark/tpl_header.php:52 see devel:menus should be used instead!
2023-09-21 08:17:15		tpl_actionlink() is deprecated. It was called from tpl_action() in /var/www/dokuwiki/inc/template.php:643 see devel:menus should be used instead!
2023-09-21 08:17:15		tpl_get_action() is deprecated. It was called from tpl_actionlink() in /var/www/dokuwiki/inc/template.php:528 see devel:menus should be used instead!
2023-09-21 08:17:15		tpl_action() is deprecated. It was called from include() in /var/www/dokuwiki/lib/tpl/adoradark/tpl_header.php:53 see devel:menus should be used instead!
2023-09-21 08:17:15		tpl_actionlink() is deprecated. It was called from tpl_action() in /var/www/dokuwiki/inc/template.php:643 see devel:menus should be used instead!
2023-09-21 08:17:15		tpl_get_action() is deprecated. It was called from tpl_actionlink() in /var/www/dokuwiki/inc/template.php:528 see devel:menus should be used instead!
2023-09-21 08:17:15		tpl_toolsevent() is deprecated. It was called from include() in /var/www/dokuwiki/lib/tpl/adoradark/tpl_header.php:53 see devel:menus should be used instead!
2023-09-21 08:17:15		tpl_actiondropdown() is deprecated. It was called from include() in /var/www/dokuwiki/lib/tpl/adoradark/tpl_header.php:65 see devel:menus should be used instead!
2023-09-21 08:17:15		tpl_action() is deprecated. It was called from include() in /var/www/dokuwiki/lib/tpl/adoradark/tpl_header.php:70 see devel:menus should be used instead!
2023-09-21 08:17:15		tpl_actionlink() is deprecated. It was called from tpl_action() in /var/www/dokuwiki/inc/template.php:643 see devel:menus should be used instead!
2023-09-21 08:17:15		tpl_get_action() is deprecated. It was called from tpl_actionlink() in /var/www/dokuwiki/inc/template.php:528 see devel:menus should be used instead!
2023-09-21 08:17:15		tpl_action() is deprecated. It was called from include() in /var/www/dokuwiki/lib/tpl/adoradark/tpl_header.php:71 see devel:menus should be used instead!
2023-09-21 08:17:15		tpl_actionlink() is deprecated. It was called from tpl_action() in /var/www/dokuwiki/inc/template.php:643 see devel:menus should be used instead!
2023-09-21 08:17:15		tpl_get_action() is deprecated. It was called from tpl_actionlink() in /var/www/dokuwiki/inc/template.php:528 see devel:menus should be used instead!
2023-09-21 08:17:15		tpl_action() is deprecated. It was called from include() in /var/www/dokuwiki/lib/tpl/adoradark/tpl_header.php:72 see devel:menus should be used instead!
2023-09-21 08:17:15		tpl_actionlink() is deprecated. It was called from tpl_action() in /var/www/dokuwiki/inc/template.php:643 see devel:menus should be used instead!
2023-09-21 08:17:15		tpl_get_action() is deprecated. It was called from tpl_actionlink() in /var/www/dokuwiki/inc/template.php:528 see devel:menus should be used instead!
2023-09-21 08:17:15		tpl_toolsevent() is deprecated. It was called from include() in /var/www/dokuwiki/lib/tpl/adoradark/tpl_header.php:72 see devel:menus should be used instead!
2023-09-21 08:17:15		tpl_action() is deprecated. It was called from include() in /var/www/dokuwiki/lib/tpl/adoradark/main.php:80 see devel:menus should be used instead!
2023-09-21 08:17:15		tpl_actionlink() is deprecated. It was called from tpl_action() in /var/www/dokuwiki/inc/template.php:643 see devel:menus should be used instead!
2023-09-21 08:17:15		tpl_get_action() is deprecated. It was called from tpl_actionlink() in /var/www/dokuwiki/inc/template.php:528 see devel:menus should be used instead!
2023-09-21 08:17:15		tpl_action() is deprecated. It was called from include() in /var/www/dokuwiki/lib/tpl/adoradark/main.php:81 see devel:menus should be used instead!
2023-09-21 08:17:15		tpl_actionlink() is deprecated. It was called from tpl_action() in /var/www/dokuwiki/inc/template.php:643 see devel:menus should be used instead!
2023-09-21 08:17:15		tpl_get_action() is deprecated. It was called from tpl_actionlink() in /var/www/dokuwiki/inc/template.php:528 see devel:menus should be used instead!
2023-09-21 08:17:15		tpl_action() is deprecated. It was called from include() in /var/www/dokuwiki/lib/tpl/adoradark/main.php:82 see devel:menus should be used instead!
2023-09-21 08:17:15		tpl_actionlink() is deprecated. It was called from tpl_action() in /var/www/dokuwiki/inc/template.php:643 see devel:menus should be used instead!
2023-09-21 08:17:15		tpl_get_action() is deprecated. It was called from tpl_actionlink() in /var/www/dokuwiki/inc/template.php:528 see devel:menus should be used instead!
2023-09-21 08:17:15		tpl_action() is deprecated. It was called from include() in /var/www/dokuwiki/lib/tpl/adoradark/main.php:83 see devel:menus should be used instead!
2023-09-21 08:17:15		tpl_actionlink() is deprecated. It was called from tpl_action() in /var/www/dokuwiki/inc/template.php:643 see devel:menus should be used instead!
2023-09-21 08:17:15		tpl_get_action() is deprecated. It was called from tpl_actionlink() in /var/www/dokuwiki/inc/template.php:528 see devel:menus should be used instead!
2023-09-21 08:17:15		tpl_action() is deprecated. It was called from include() in /var/www/dokuwiki/lib/tpl/adoradark/main.php:84 see devel:menus should be used instead!
2023-09-21 08:17:15		tpl_actionlink() is deprecated. It was called from tpl_action() in /var/www/dokuwiki/inc/template.php:643 see devel:menus should be used instead!
2023-09-21 08:17:15		tpl_get_action() is deprecated. It was called from tpl_actionlink() in /var/www/dokuwiki/inc/template.php:528 see devel:menus should be used instead!
2023-09-21 08:17:15		tpl_action() is deprecated. It was called from include() in /var/www/dokuwiki/lib/tpl/adoradark/main.php:85 see devel:menus should be used instead!
2023-09-21 08:17:15		tpl_actionlink() is deprecated. It was called from tpl_action() in /var/www/dokuwiki/inc/template.php:643 see devel:menus should be used instead!
2023-09-21 08:17:15		tpl_get_action() is deprecated. It was called from tpl_actionlink() in /var/www/dokuwiki/inc/template.php:528 see devel:menus should be used instead!
2023-09-21 08:17:15		require(action.php) is deprecated. It was called from require() in /var/www/dokuwiki/lib/plugins/loadskin/action.php:15 Autoloading should be used instead!
2023-09-21 08:17:15		require(action.php) is deprecated. It was called from require() in /var/www/dokuwiki/lib/plugins/loadskin/action.php:15 Autoloading should be used instead!
2023-09-21 08:41:32		require(action.php) is deprecated. It was called from require() in /var/www/dokuwiki/lib/plugins/loadskin/action.php:15 Autoloading should be used instead!
2023-09-21 08:41:32		require(action.php) is deprecated. It was called from require() in /var/www/dokuwiki/lib/plugins/loadskin/action.php:15 Autoloading should be used instead!
2023-09-21 08:41:32		require(action.php) is deprecated. It was called from require() in /var/www/dokuwiki/lib/plugins/loadskin/action.php:15 Autoloading should be used instead!
2023-09-21 08:41:32		require(action.php) is deprecated. It was called from require() in /var/www/dokuwiki/lib/plugins/loadskin/action.php:15 Autoloading should be used instead!
2023-09-21 08:41:32		require(action.php) is deprecated. It was called from require() in /var/www/dokuwiki/lib/plugins/loadskin/action.php:15 Autoloading should be used instead!
2023-09-21 08:41:32		require(action.php) is deprecated. It was called from require() in /var/www/dokuwiki/lib/plugins/loadskin/action.php:15 Autoloading should be used instead!
2023-09-21 13:30:04		require(action.php) is deprecated. It was called from require() in /var/www/dokuwiki/lib/plugins/loadskin/action.php:15 Autoloading should be used instead!
2023-09-21 13:30:04		require(action.php) is deprecated. It was called from require() in /var/www/dokuwiki/lib/plugins/loadskin/action.php:15 Autoloading should be used instead!
2023-09-21 13:30:04		require(action.php) is deprecated. It was called from require() in /var/www/dokuwiki/lib/plugins/loadskin/action.php:15 Autoloading should be used instead!
2023-09-21 13:30:05		require(action.php) is deprecated. It was called from require() in /var/www/dokuwiki/lib/plugins/loadskin/action.php:15 Autoloading should be used instead!
2023-09-21 13:30:05		require(action.php) is deprecated. It was called from require() in /var/www/dokuwiki/lib/plugins/loadskin/action.php:15 Autoloading should be used instead!
2023-09-21 13:30:05		require(action.php) is deprecated. It was called from require() in /var/www/dokuwiki/lib/plugins/loadskin/action.php:15 Autoloading should be used instead!
2023-09-21 13:45:46		require(action.php) is deprecated. It was called from require() in /var/www/dokuwiki/lib/plugins/loadskin/action.php:15 Autoloading should be used instead!
2023-09-21 13:45:46		require(syntax.php) is deprecated. It was called from require() in /var/www/dokuwiki/lib/plugins/markdowku/syntax/headeratx.php:8 Autoloading should be used instead!
2023-09-21 13:45:46		require(action.php) is deprecated. It was called from require() in /var/www/dokuwiki/lib/plugins/loadskin/action.php:15 Autoloading should be used instead!
2023-09-21 13:45:46		require(action.php) is deprecated. It was called from require() in /var/www/dokuwiki/lib/plugins/loadskin/action.php:15 Autoloading should be used instead!
2023-09-21 13:45:46		require(action.php) is deprecated. It was called from require() in /var/www/dokuwiki/lib/plugins/loadskin/action.php:15 Autoloading should be used instead!
2023-09-21 13:45:46		require(action.php) is deprecated. It was called from require() in /var/www/dokuwiki/lib/plugins/loadskin/action.php:15 Autoloading should be used instead!
